New log file opened at Sat May 14 19:21:51 PDT 2016 by 5095@Swan.local
Sending msg to client activator-a3cda430-3f5b-4cf0-92ae-15647dbd9486: DetachedLogEvent(LogMessage(debug,sbt client logs are in: /Users/Prashant-learner/source/activator-projects/doc-search/.sbtserver/connections/activator-a3cda430-3f5b-4cf0-92ae-15647dbd9486.log))
Reading next message from client.
Sending msg to client activator-a3cda430-3f5b-4cf0-92ae-15647dbd9486: DetachedLogEvent(LogMessage(debug,sbt server socket logs are in: /Users/Prashant-learner/source/activator-projects/doc-search/.sbtserver/connections/master.log))
Sending msg to client activator-a3cda430-3f5b-4cf0-92ae-15647dbd9486: DetachedLogEvent(LogMessage(debug,sbt general server logs are in: /Users/Prashant-learner/source/activator-projects/doc-search/.sbtserver/master.log))
Got request: ListenToEvents()
Reading next message from client.
Sending msg to client activator-a3cda430-3f5b-4cf0-92ae-15647dbd9486: DetachedLogEvent(LogMessage(debug,> --initialize))
Sending msg to client activator-a3cda430-3f5b-4cf0-92ae-15647dbd9486: DetachedLogEvent(LogMessage(debug,> initialize))
Sending msg to client activator-a3cda430-3f5b-4cf0-92ae-15647dbd9486: DetachedLogEvent(LogMessage(debug,> onFailure load-failed))
Sending msg to client activator-a3cda430-3f5b-4cf0-92ae-15647dbd9486: DetachedLogEvent(LogMessage(debug,> boot))
Sending msg to client activator-a3cda430-3f5b-4cf0-92ae-15647dbd9486: DetachedLogEvent(LogMessage(debug,> reload))
Sending msg to client activator-a3cda430-3f5b-4cf0-92ae-15647dbd9486: DetachedLogEvent(LogMessage(debug,[Loading] Scanning directory /Users/Prashant-learner/.sbt/0.13/plugins))
Sending msg to client activator-a3cda430-3f5b-4cf0-92ae-15647dbd9486: DetachedLogEvent(LogMessage(debug,[Loading] Found non-root projects ))
Sending msg to client activator-a3cda430-3f5b-4cf0-92ae-15647dbd9486: DetachedLogEvent(LogMessage(debug,[Loading] Done in /Users/Prashant-learner/.sbt/0.13/plugins, returning: ()))
Sending msg to client activator-a3cda430-3f5b-4cf0-92ae-15647dbd9486: DetachedLogEvent(LogMessage(debug,deducing auto plugins based on known facts Set(Atom(sbt.plugins.CorePlugin)) and clauses Clauses(List(Clause(Atom(sbt.plugins.JvmPlugin),Set(Atom(sbt.plugins.IvyPlugin))), Clause(Atom(sbt.plugins.JUnitXmlReportPlugin),Set(Atom(sbt.plugins.JvmPlugin))), Clause(Atom(sbt.plugins.CorePlugin),Set(Atom(sbt.plugins.IvyPlugin))), Clause(Atom(sbt.plugins.IvyPlugin),Set(Atom(sbt.plugins.JvmPlugin))), Clause(Atom(sbt.plugins.JvmPlugin),Set(Atom(sbt.plugins.JUnitXmlReportPlugin)))))))
Sending msg to client activator-a3cda430-3f5b-4cf0-92ae-15647dbd9486: DetachedLogEvent(LogMessage(debug,  :: deduced result: Matched(sbt.plugins.CorePlugin,sbt.plugins.IvyPlugin,sbt.plugins.JvmPlugin,sbt.plugins.JUnitXmlReportPlugin)))
Sending msg to client activator-a3cda430-3f5b-4cf0-92ae-15647dbd9486: DetachedLogEvent(LogMessage(debug,sorting: ns: List(sbt.plugins.CorePlugin, sbt.plugins.IvyPlugin, sbt.plugins.JvmPlugin, sbt.plugins.JUnitXmlReportPlugin)))
Sending msg to client activator-a3cda430-3f5b-4cf0-92ae-15647dbd9486: DetachedLogEvent(LogMessage(debug,  :: sorting:: found: List(sbt.plugins.CorePlugin) not found List(sbt.plugins.IvyPlugin, sbt.plugins.JvmPlugin, sbt.plugins.JUnitXmlReportPlugin)))
Sending msg to client activator-a3cda430-3f5b-4cf0-92ae-15647dbd9486: DetachedLogEvent(LogMessage(debug,  :: sorting:: found: List(sbt.plugins.CorePlugin, sbt.plugins.IvyPlugin) not found List(sbt.plugins.JvmPlugin, sbt.plugins.JUnitXmlReportPlugin)))
Sending msg to client activator-a3cda430-3f5b-4cf0-92ae-15647dbd9486: DetachedLogEvent(LogMessage(debug,  :: sorting:: found: List(sbt.plugins.CorePlugin, sbt.plugins.IvyPlugin, sbt.plugins.JvmPlugin) not found List(sbt.plugins.JUnitXmlReportPlugin)))
Sending msg to client activator-a3cda430-3f5b-4cf0-92ae-15647dbd9486: DetachedLogEvent(LogMessage(debug,  :: sorting:: found: List(sbt.plugins.CorePlugin, sbt.plugins.IvyPlugin, sbt.plugins.JvmPlugin, sbt.plugins.JUnitXmlReportPlugin) not found List()))
Sending msg to client activator-a3cda430-3f5b-4cf0-92ae-15647dbd9486: DetachedLogEvent(LogMessage(debug,  :: sorted deduced result: List(sbt.plugins.CorePlugin, sbt.plugins.IvyPlugin, sbt.plugins.JvmPlugin, sbt.plugins.JUnitXmlReportPlugin)))
Sending msg to client activator-a3cda430-3f5b-4cf0-92ae-15647dbd9486: DetachedLogEvent(LogMessage(debug,[Loading] Done in /Users/Prashant-learner/.sbt/0.13/plugins, returning: (global-plugins)))
Sending msg to client activator-a3cda430-3f5b-4cf0-92ae-15647dbd9486: (3,ReceivedResponse())
Sending msg to client activator-a3cda430-3f5b-4cf0-92ae-15647dbd9486: DetachedLogEvent(LogMessage(info,Loading global plugins from /Users/Prashant-learner/.sbt/0.13/plugins))
Sending msg to client activator-a3cda430-3f5b-4cf0-92ae-15647dbd9486: DetachedLogEvent(LogMessage(debug,Running task... Cancel: sbt.TaskCancellationStrategy$Null$@af99f42, check cycles: false))
Sending msg to client activator-a3cda430-3f5b-4cf0-92ae-15647dbd9486: DetachedLogEvent(LogMessage(debug,
Initial source changes: 
	removed:Set()
	added: Set()
	modified: Set()
Removed products: Set()
External API changes: API Changes: Set()
Modified binary dependencies: Set()
Initial directly invalidated sources: Set()

Sources indirectly invalidated by:
	product: Set()
	binary dep: Set()
	external source: Set()))
Sending msg to client activator-a3cda430-3f5b-4cf0-92ae-15647dbd9486: DetachedLogEvent(LogMessage(debug,All initially invalidated sources: Set()
))
Sending msg to client activator-a3cda430-3f5b-4cf0-92ae-15647dbd9486: DetachedLogEvent(LogMessage(debug,Copy resource mappings: 
	))
Sending msg to client activator-a3cda430-3f5b-4cf0-92ae-15647dbd9486: DetachedLogEvent(LogMessage(debug,Other repositories:))
Sending msg to client activator-a3cda430-3f5b-4cf0-92ae-15647dbd9486: DetachedLogEvent(LogMessage(debug,Default repositories:))
Sending msg to client activator-a3cda430-3f5b-4cf0-92ae-15647dbd9486: DetachedLogEvent(LogMessage(debug,Using inline dependencies specified in Scala.))
Sending msg to client activator-a3cda430-3f5b-4cf0-92ae-15647dbd9486: DetachedLogEvent(LogMessage(debug,[Loading] Scanning directory /Users/Prashant-learner/source/activator-projects/doc-search/project))
Sending msg to client activator-a3cda430-3f5b-4cf0-92ae-15647dbd9486: DetachedLogEvent(LogMessage(debug,[Loading] Found non-root projects ))
Sending msg to client activator-a3cda430-3f5b-4cf0-92ae-15647dbd9486: DetachedLogEvent(LogMessage(debug,[Loading] Done in /Users/Prashant-learner/source/activator-projects/doc-search/project, returning: ()))
Sending msg to client activator-a3cda430-3f5b-4cf0-92ae-15647dbd9486: DetachedLogEvent(LogMessage(debug,deducing auto plugins based on known facts Set(Atom(sbt.plugins.CorePlugin)) and clauses Clauses(List(Clause(Atom(sbt.plugins.JvmPlugin),Set(Atom(sbt.plugins.IvyPlugin))), Clause(Atom(sbt.plugins.JUnitXmlReportPlugin),Set(Atom(sbt.plugins.JvmPlugin))), Clause(Atom(sbt.plugins.CorePlugin),Set(Atom(sbt.plugins.IvyPlugin))), Clause(Atom(sbt.plugins.IvyPlugin),Set(Atom(sbt.plugins.JvmPlugin))), Clause(Atom(sbt.plugins.JvmPlugin),Set(Atom(sbt.plugins.JUnitXmlReportPlugin)))))))
Sending msg to client activator-a3cda430-3f5b-4cf0-92ae-15647dbd9486: DetachedLogEvent(LogMessage(debug,  :: deduced result: Matched(sbt.plugins.CorePlugin,sbt.plugins.IvyPlugin,sbt.plugins.JvmPlugin,sbt.plugins.JUnitXmlReportPlugin)))
Sending msg to client activator-a3cda430-3f5b-4cf0-92ae-15647dbd9486: DetachedLogEvent(LogMessage(debug,sorting: ns: List(sbt.plugins.CorePlugin, sbt.plugins.IvyPlugin, sbt.plugins.JvmPlugin, sbt.plugins.JUnitXmlReportPlugin)))
Sending msg to client activator-a3cda430-3f5b-4cf0-92ae-15647dbd9486: DetachedLogEvent(LogMessage(debug,  :: sorting:: found: List(sbt.plugins.CorePlugin) not found List(sbt.plugins.IvyPlugin, sbt.plugins.JvmPlugin, sbt.plugins.JUnitXmlReportPlugin)))
Sending msg to client activator-a3cda430-3f5b-4cf0-92ae-15647dbd9486: DetachedLogEvent(LogMessage(debug,  :: sorting:: found: List(sbt.plugins.CorePlugin, sbt.plugins.IvyPlugin) not found List(sbt.plugins.JvmPlugin, sbt.plugins.JUnitXmlReportPlugin)))
Sending msg to client activator-a3cda430-3f5b-4cf0-92ae-15647dbd9486: DetachedLogEvent(LogMessage(debug,  :: sorting:: found: List(sbt.plugins.CorePlugin, sbt.plugins.IvyPlugin, sbt.plugins.JvmPlugin) not found List(sbt.plugins.JUnitXmlReportPlugin)))
Sending msg to client activator-a3cda430-3f5b-4cf0-92ae-15647dbd9486: DetachedLogEvent(LogMessage(debug,  :: sorting:: found: List(sbt.plugins.CorePlugin, sbt.plugins.IvyPlugin, sbt.plugins.JvmPlugin, sbt.plugins.JUnitXmlReportPlugin) not found List()))
Sending msg to client activator-a3cda430-3f5b-4cf0-92ae-15647dbd9486: DetachedLogEvent(LogMessage(debug,  :: sorted deduced result: List(sbt.plugins.CorePlugin, sbt.plugins.IvyPlugin, sbt.plugins.JvmPlugin, sbt.plugins.JUnitXmlReportPlugin)))
Sending msg to client activator-a3cda430-3f5b-4cf0-92ae-15647dbd9486: DetachedLogEvent(LogMessage(debug,[Loading] Done in /Users/Prashant-learner/source/activator-projects/doc-search/project, returning: (doc-search-build)))
Sending msg to client activator-a3cda430-3f5b-4cf0-92ae-15647dbd9486: DetachedLogEvent(LogMessage(info,Loading project definition from /Users/Prashant-learner/source/activator-projects/doc-search/project))
Sending msg to client activator-a3cda430-3f5b-4cf0-92ae-15647dbd9486: DetachedLogEvent(LogMessage(debug,Running task... Cancel: sbt.TaskCancellationStrategy$Null$@af99f42, check cycles: false))
Sending msg to client activator-a3cda430-3f5b-4cf0-92ae-15647dbd9486: DetachedLogEvent(LogStdOut([info] Updating {file:/Users/Prashant-learner/source/activator-projects/doc-search/project/}doc-search-build...))
Sending msg to client activator-a3cda430-3f5b-4cf0-92ae-15647dbd9486: DetachedLogEvent(LogMessage(info,Updating {file:/Users/Prashant-learner/source/activator-projects/doc-search/project/}doc-search-build...))
Sending msg to client activator-a3cda430-3f5b-4cf0-92ae-15647dbd9486: DetachedLogEvent(LogMessage(debug,Other repositories:))
Sending msg to client activator-a3cda430-3f5b-4cf0-92ae-15647dbd9486: DetachedLogEvent(LogMessage(debug,Default repositories:))
Sending msg to client activator-a3cda430-3f5b-4cf0-92ae-15647dbd9486: DetachedLogEvent(LogMessage(debug,Using inline dependencies specified in Scala.))
Sending msg to client activator-a3cda430-3f5b-4cf0-92ae-15647dbd9486: DetachedLogEvent(LogMessage(debug,:: resolving dependencies :: default#doc-search-build;0.1-SNAPSHOT))
Sending msg to client activator-a3cda430-3f5b-4cf0-92ae-15647dbd9486: DetachedLogEvent(LogMessage(debug,	confs: [compile, runtime, test, provided, optional, compile-internal, runtime-internal, test-internal, plugin, sources, docs, pom, scala-tool]))
Sending msg to client activator-a3cda430-3f5b-4cf0-92ae-15647dbd9486: DetachedLogEvent(LogMessage(debug,	validate = true))
Sending msg to client activator-a3cda430-3f5b-4cf0-92ae-15647dbd9486: DetachedLogEvent(LogMessage(debug,	refresh = false))
Sending msg to client activator-a3cda430-3f5b-4cf0-92ae-15647dbd9486: DetachedLogEvent(LogMessage(debug,resolving dependencies for configuration 'compile'))
Sending msg to client activator-a3cda430-3f5b-4cf0-92ae-15647dbd9486: DetachedLogEvent(LogMessage(debug,== resolving dependencies for default#doc-search-build;0.1-SNAPSHOT [compile]))
Sending msg to client activator-a3cda430-3f5b-4cf0-92ae-15647dbd9486: DetachedLogEvent(LogMessage(debug,== resolving dependencies default#doc-search-build;0.1-SNAPSHOT->org.scala-sbt#global-plugins;0.0 [compile->default(compile)]))
Sending msg to client activator-a3cda430-3f5b-4cf0-92ae-15647dbd9486: DetachedLogEvent(LogStdOut([info] Resolving org.scala-sbt#global-plugins;0.0 ...))
Sending msg to client activator-a3cda430-3f5b-4cf0-92ae-15647dbd9486: DetachedLogEvent(LogMessage(info,Resolving org.scala-sbt#global-plugins;0.0 ...))
Sending msg to client activator-a3cda430-3f5b-4cf0-92ae-15647dbd9486: DetachedLogEvent(LogMessage(debug,sbt-chain: Checking cache for: dependency: org.scala-sbt#global-plugins;0.0 {compile=[default(compile)]}))
Sending msg to client activator-a3cda430-3f5b-4cf0-92ae-15647dbd9486: DetachedLogEvent(LogMessage(debug,	found org.scala-sbt#global-plugins;0.0 in inter-project))
Sending msg to client activator-a3cda430-3f5b-4cf0-92ae-15647dbd9486: DetachedLogEvent(LogMessage(debug,== resolving dependencies default#doc-search-build;0.1-SNAPSHOT->com.typesafe.play#sbt-plugin;2.5.3 [compile->default(compile)]))
Sending msg to client activator-a3cda430-3f5b-4cf0-92ae-15647dbd9486: DetachedLogEvent(LogStdOut([A[2K[info] Resolving com.typesafe.play#sbt-plugin;2.5.3 ...))
Sending msg to client activator-a3cda430-3f5b-4cf0-92ae-15647dbd9486: DetachedLogEvent(LogMessage(info,Resolving com.typesafe.play#sbt-plugin;2.5.3 ...))
Sending msg to client activator-a3cda430-3f5b-4cf0-92ae-15647dbd9486: DetachedLogEvent(LogMessage(debug,sbt-chain: Checking cache for: dependency: com.typesafe.play#sbt-plugin;2.5.3 {compile=[default(compile)]}))
Sending msg to client activator-a3cda430-3f5b-4cf0-92ae-15647dbd9486: DetachedLogEvent(LogMessage(debug,sbt-chain: module revision found in cache: com.typesafe.play#sbt-plugin;2.5.3))
Sending msg to client activator-a3cda430-3f5b-4cf0-92ae-15647dbd9486: DetachedLogEvent(LogMessage(debug,	found com.typesafe.play#sbt-plugin;2.5.3 in sbt-chain))
Sending msg to client activator-a3cda430-3f5b-4cf0-92ae-15647dbd9486: DetachedLogEvent(LogMessage(debug,dependency descriptor has been mediated: dependency: org.scala-lang#scala-library;2.10.6 {provided=[default(compile)]} => dependency: org.scala-lang#scala-library;2.10.4 {provided=[default(compile)]}))
Sending msg to client activator-a3cda430-3f5b-4cf0-92ae-15647dbd9486: DetachedLogEvent(LogMessage(debug,dependency descriptor has been mediated: dependency: org.scala-lang#scala-reflect;2.10.6 {provided=[default(compile)]} => dependency: org.scala-lang#scala-reflect;2.10.4 {provided=[default(compile)]}))
Sending msg to client activator-a3cda430-3f5b-4cf0-92ae-15647dbd9486: DetachedLogEvent(LogMessage(debug,== resolving dependencies com.typesafe.play#sbt-plugin;2.5.3->com.typesafe.play#sbt-routes-compiler_2.10;2.5.3 [compile->default(compile)]))
Sending msg to client activator-a3cda430-3f5b-4cf0-92ae-15647dbd9486: DetachedLogEvent(LogMessage(debug,dependency descriptor has been mediated: dependency: org.scala-lang#scala-library;2.10.6 {provided=[default(compile)]} => dependency: org.scala-lang#scala-library;2.10.4 {provided=[default(compile)]}))
Sending msg to client activator-a3cda430-3f5b-4cf0-92ae-15647dbd9486: DetachedLogEvent(LogMessage(debug,dependency descriptor has been mediated: dependency: org.scala-lang#scala-reflect;2.10.6 {provided=[default(compile)]} => dependency: org.scala-lang#scala-reflect;2.10.4 {provided=[default(compile)]}))
Sending msg to client activator-a3cda430-3f5b-4cf0-92ae-15647dbd9486: DetachedLogEvent(LogMessage(debug,dependency descriptor has been mediated: dependency: org.scala-lang#scala-library;2.10.6 {provided=[default(compile)]} => dependency: org.scala-lang#scala-library;2.10.4 {provided=[default(compile)]}))
Sending msg to client activator-a3cda430-3f5b-4cf0-92ae-15647dbd9486: DetachedLogEvent(LogMessage(debug,dependency descriptor has been mediated: dependency: org.scala-lang#scala-reflect;2.10.6 {provided=[default(compile)]} => dependency: org.scala-lang#scala-reflect;2.10.4 {provided=[default(compile)]}))
Sending msg to client activator-a3cda430-3f5b-4cf0-92ae-15647dbd9486: DetachedLogEvent(LogMessage(debug,dependency descriptor has been mediated: dependency: org.scala-lang#scala-compiler;2.10.4 {scala-tool=[default, optional(default)]} => dependency: org.scala-lang#scala-compiler;2.10.4 {scala-tool=[default, optional(default)]}))
Sending msg to client activator-a3cda430-3f5b-4cf0-92ae-15647dbd9486: DetachedLogEvent(LogMessage(debug,dependency descriptor has been mediated: sbt.ivyint.MergedDescriptors@4fd0275 => sbt.ivyint.MergedDescriptors@68ffdf72))
Sending msg to client activator-a3cda430-3f5b-4cf0-92ae-15647dbd9486: DetachedLogEvent(LogStdOut([A[2K[info] Resolving com.typesafe.play#sbt-routes-compiler_2.10;2.5.3 ...))
Sending msg to client activator-a3cda430-3f5b-4cf0-92ae-15647dbd9486: DetachedLogEvent(LogMessage(info,Resolving com.typesafe.play#sbt-routes-compiler_2.10;2.5.3 ...))
Sending msg to client activator-a3cda430-3f5b-4cf0-92ae-15647dbd9486: DetachedLogEvent(LogMessage(debug,sbt-chain: Checking cache for: dependency: com.typesafe.play#sbt-routes-compiler_2.10;2.5.3 {compile=[default(compile)]}))
Sending msg to client activator-a3cda430-3f5b-4cf0-92ae-15647dbd9486: DetachedLogEvent(LogMessage(debug,sbt-chain: module revision found in cache: com.typesafe.play#sbt-routes-compiler_2.10;2.5.3))
Sending msg to client activator-a3cda430-3f5b-4cf0-92ae-15647dbd9486: DetachedLogEvent(LogMessage(debug,	found com.typesafe.play#sbt-routes-compiler_2.10;2.5.3 in sbt-chain))
Sending msg to client activator-a3cda430-3f5b-4cf0-92ae-15647dbd9486: DetachedLogEvent(LogMessage(debug,== resolving dependencies com.typesafe.play#sbt-plugin;2.5.3->com.typesafe.play#sbt-routes-compiler_2.10;2.5.3 [compile->runtime]))
Sending msg to client activator-a3cda430-3f5b-4cf0-92ae-15647dbd9486: DetachedLogEvent(LogMessage(debug,== resolving dependencies com.typesafe.play#sbt-plugin;2.5.3->com.typesafe.play#sbt-routes-compiler_2.10;2.5.3 [compile->compile]))
Sending msg to client activator-a3cda430-3f5b-4cf0-92ae-15647dbd9486: DetachedLogEvent(LogMessage(debug,dependency descriptor has been mediated: dependency: org.scala-lang#scala-library;2.10.6 {compile=[compile(*), master(compile)], runtime=[runtime(*)]} => dependency: org.scala-lang#scala-library;2.10.4 {compile=[compile(*), master(compile)], runtime=[runtime(*)]}))
Sending msg to client activator-a3cda430-3f5b-4cf0-92ae-15647dbd9486: DetachedLogEvent(LogMessage(debug,== resolving dependencies com.typesafe.play#sbt-routes-compiler_2.10;2.5.3->org.scala-lang#scala-library;2.10.4 [compile->master(compile)]))
Sending msg to client activator-a3cda430-3f5b-4cf0-92ae-15647dbd9486: DetachedLogEvent(LogMessage(debug,dependency descriptor has been mediated: dependency: org.scala-lang#scala-library;2.10.6 {compile=[compile(*), master(compile)], runtime=[runtime(*)]} => dependency: org.scala-lang#scala-library;2.10.4 {compile=[compile(*), master(compile)], runtime=[runtime(*)]}))
Sending msg to client activator-a3cda430-3f5b-4cf0-92ae-15647dbd9486: DetachedLogEvent(LogMessage(debug,dependency descriptor has been mediated: dependency: org.scala-lang#scala-library;2.10.6 {compile=[compile(*), master(compile)], runtime=[runtime(*)]} => dependency: org.scala-lang#scala-library;2.10.4 {compile=[compile(*), master(compile)], runtime=[runtime(*)]}))
Sending msg to client activator-a3cda430-3f5b-4cf0-92ae-15647dbd9486: DetachedLogEvent(LogMessage(debug,dependency descriptor has been mediated: dependency: org.scala-lang#scala-library;2.10.6 {compile=[compile(*), master(compile)], runtime=[runtime(*)]} => dependency: org.scala-lang#scala-library;2.10.4 {compile=[compile(*), master(compile)], runtime=[runtime(*)]}))
Sending msg to client activator-a3cda430-3f5b-4cf0-92ae-15647dbd9486: DetachedLogEvent(LogMessage(debug,dependency descriptor has been mediated: dependency: org.scala-lang#scala-library;2.10.6 {compile=[compile(*), master(compile)], runtime=[runtime(*)]} => dependency: org.scala-lang#scala-library;2.10.4 {compile=[compile(*), master(compile)], runtime=[runtime(*)]}))
Sending msg to client activator-a3cda430-3f5b-4cf0-92ae-15647dbd9486: DetachedLogEvent(LogMessage(debug,dependency descriptor has been mediated: dependency: org.scala-lang#scala-library;2.10.6 {compile=[compile(*), master(compile)], runtime=[runtime(*)]} => dependency: org.scala-lang#scala-library;2.10.4 {compile=[compile(*), master(compile)], runtime=[runtime(*)]}))
Sending msg to client activator-a3cda430-3f5b-4cf0-92ae-15647dbd9486: DetachedLogEvent(LogMessage(debug,dependency descriptor has been mediated: dependency: org.scala-lang#scala-library;2.10.6 {provided=[default(compile)]} => dependency: org.scala-lang#scala-library;2.10.4 {provided=[default(compile)]}))
Sending msg to client activator-a3cda430-3f5b-4cf0-92ae-15647dbd9486: DetachedLogEvent(LogMessage(debug,dependency descriptor has been mediated: dependency: org.scala-lang#scala-reflect;2.10.6 {provided=[default(compile)]} => dependency: org.scala-lang#scala-reflect;2.10.4 {provided=[default(compile)]}))
Sending msg to client activator-a3cda430-3f5b-4cf0-92ae-15647dbd9486: DetachedLogEvent(LogMessage(debug,dependency descriptor has been mediated: dependency: org.scala-lang#scala-library;2.10.6 {provided=[default(compile)]} => dependency: org.scala-lang#scala-library;2.10.4 {provided=[default(compile)]}))
Sending msg to client activator-a3cda430-3f5b-4cf0-92ae-15647dbd9486: DetachedLogEvent(LogMessage(debug,dependency descriptor has been mediated: dependency: org.scala-lang#scala-reflect;2.10.6 {provided=[default(compile)]} => dependency: org.scala-lang#scala-reflect;2.10.4 {provided=[default(compile)]}))
Sending msg to client activator-a3cda430-3f5b-4cf0-92ae-15647dbd9486: DetachedLogEvent(LogMessage(debug,dependency descriptor has been mediated: dependency: org.scala-lang#scala-compiler;2.10.4 {scala-tool=[default, optional(default)]} => dependency: org.scala-lang#scala-compiler;2.10.4 {scala-tool=[default, optional(default)]}))
Sending msg to client activator-a3cda430-3f5b-4cf0-92ae-15647dbd9486: DetachedLogEvent(LogMessage(debug,dependency descriptor has been mediated: sbt.ivyint.MergedDescriptors@4fd0275 => sbt.ivyint.MergedDescriptors@69c098a6))
Sending msg to client activator-a3cda430-3f5b-4cf0-92ae-15647dbd9486: DetachedLogEvent(LogStdOut([A[2K[info] Resolving org.scala-lang#scala-library;2.10.4 ...))
Sending msg to client activator-a3cda430-3f5b-4cf0-92ae-15647dbd9486: DetachedLogEvent(LogMessage(info,Resolving org.scala-lang#scala-library;2.10.4 ...))
Sending msg to client activator-a3cda430-3f5b-4cf0-92ae-15647dbd9486: DetachedLogEvent(LogMessage(debug,sbt-chain: Checking cache for: dependency: org.scala-lang#scala-library;2.10.4 {compile=[compile(*), master(compile)], runtime=[runtime(*)]}))
Sending msg to client activator-a3cda430-3f5b-4cf0-92ae-15647dbd9486: DetachedLogEvent(LogMessage(debug,sbt-chain: module revision found in cache: org.scala-lang#scala-library;2.10.4))
Sending msg to client activator-a3cda430-3f5b-4cf0-92ae-15647dbd9486: DetachedLogEvent(LogMessage(debug,	found org.scala-lang#scala-library;2.10.4 in sbt-chain))
Sending msg to client activator-a3cda430-3f5b-4cf0-92ae-15647dbd9486: DetachedLogEvent(LogMessage(debug,	[2.10.4] org.scala-lang#scala-library;2.10.4))
Sending msg to client activator-a3cda430-3f5b-4cf0-92ae-15647dbd9486: DetachedLogEvent(LogMessage(debug,== resolving dependencies com.typesafe.play#sbt-routes-compiler_2.10;2.5.3->org.scala-lang#scala-library;2.10.4 [compile->compile(*)]))
Sending msg to client activator-a3cda430-3f5b-4cf0-92ae-15647dbd9486: DetachedLogEvent(LogMessage(debug,== resolving dependencies com.typesafe.play#sbt-routes-compiler_2.10;2.5.3->org.scala-lang#scala-library;2.10.4 [compile->runtime(*)]))
Sending msg to client activator-a3cda430-3f5b-4cf0-92ae-15647dbd9486: DetachedLogEvent(LogMessage(debug,== resolving dependencies com.typesafe.play#sbt-routes-compiler_2.10;2.5.3->org.scala-lang#scala-library;2.10.4 [compile->compile]))
Sending msg to client activator-a3cda430-3f5b-4cf0-92ae-15647dbd9486: DetachedLogEvent(LogMessage(debug,== resolving dependencies com.typesafe.play#sbt-routes-compiler_2.10;2.5.3->com.typesafe.play#twirl-api_2.10;1.1.1 [compile->master(compile)]))
Sending msg to client activator-a3cda430-3f5b-4cf0-92ae-15647dbd9486: DetachedLogEvent(LogMessage(debug,dependency descriptor has been mediated: dependency: org.scala-lang#scala-library;2.10.6 {compile=[compile(*), master(compile)], runtime=[runtime(*)]} => dependency: org.scala-lang#scala-library;2.10.4 {compile=[compile(*), master(compile)], runtime=[runtime(*)]}))
Sending msg to client activator-a3cda430-3f5b-4cf0-92ae-15647dbd9486: DetachedLogEvent(LogMessage(debug,dependency descriptor has been mediated: dependency: org.scala-lang#scala-library;2.10.6 {compile=[compile(*), master(compile)], runtime=[runtime(*)]} => dependency: org.scala-lang#scala-library;2.10.4 {compile=[compile(*), master(compile)], runtime=[runtime(*)]}))
Sending msg to client activator-a3cda430-3f5b-4cf0-92ae-15647dbd9486: DetachedLogEvent(LogMessage(debug,dependency descriptor has been mediated: dependency: org.scala-lang#scala-library;2.10.6 {compile=[compile(*), master(compile)], runtime=[runtime(*)]} => dependency: org.scala-lang#scala-library;2.10.4 {compile=[compile(*), master(compile)], runtime=[runtime(*)]}))
Sending msg to client activator-a3cda430-3f5b-4cf0-92ae-15647dbd9486: DetachedLogEvent(LogMessage(debug,dependency descriptor has been mediated: dependency: org.scala-lang#scala-library;2.10.6 {compile=[compile(*), master(compile)], runtime=[runtime(*)]} => dependency: org.scala-lang#scala-library;2.10.4 {compile=[compile(*), master(compile)], runtime=[runtime(*)]}))
Sending msg to client activator-a3cda430-3f5b-4cf0-92ae-15647dbd9486: DetachedLogEvent(LogMessage(debug,dependency descriptor has been mediated: dependency: org.scala-lang#scala-library;2.10.6 {compile=[compile(*), master(compile)], runtime=[runtime(*)]} => dependency: org.scala-lang#scala-library;2.10.4 {compile=[compile(*), master(compile)], runtime=[runtime(*)]}))
Sending msg to client activator-a3cda430-3f5b-4cf0-92ae-15647dbd9486: DetachedLogEvent(LogMessage(debug,dependency descriptor has been mediated: dependency: org.scala-lang#scala-library;2.10.6 {provided=[default(compile)]} => dependency: org.scala-lang#scala-library;2.10.4 {provided=[default(compile)]}))
Sending msg to client activator-a3cda430-3f5b-4cf0-92ae-15647dbd9486: DetachedLogEvent(LogMessage(debug,dependency descriptor has been mediated: dependency: org.scala-lang#scala-reflect;2.10.6 {provided=[default(compile)]} => dependency: org.scala-lang#scala-reflect;2.10.4 {provided=[default(compile)]}))
Sending msg to client activator-a3cda430-3f5b-4cf0-92ae-15647dbd9486: DetachedLogEvent(LogMessage(debug,dependency descriptor has been mediated: dependency: org.scala-lang#scala-library;2.10.6 {provided=[default(compile)]} => dependency: org.scala-lang#scala-library;2.10.4 {provided=[default(compile)]}))
Sending msg to client activator-a3cda430-3f5b-4cf0-92ae-15647dbd9486: DetachedLogEvent(LogMessage(debug,dependency descriptor has been mediated: dependency: org.scala-lang#scala-reflect;2.10.6 {provided=[default(compile)]} => dependency: org.scala-lang#scala-reflect;2.10.4 {provided=[default(compile)]}))
Sending msg to client activator-a3cda430-3f5b-4cf0-92ae-15647dbd9486: DetachedLogEvent(LogMessage(debug,dependency descriptor has been mediated: dependency: org.scala-lang#scala-compiler;2.10.4 {scala-tool=[default, optional(default)]} => dependency: org.scala-lang#scala-compiler;2.10.4 {scala-tool=[default, optional(default)]}))
Sending msg to client activator-a3cda430-3f5b-4cf0-92ae-15647dbd9486: DetachedLogEvent(LogMessage(debug,dependency descriptor has been mediated: sbt.ivyint.MergedDescriptors@4fd0275 => sbt.ivyint.MergedDescriptors@51d8c3fd))
Sending msg to client activator-a3cda430-3f5b-4cf0-92ae-15647dbd9486: DetachedLogEvent(LogStdOut([A[2K[info] Resolving com.typesafe.play#twirl-api_2.10;1.1.1 ...))
Sending msg to client activator-a3cda430-3f5b-4cf0-92ae-15647dbd9486: DetachedLogEvent(LogMessage(info,Resolving com.typesafe.play#twirl-api_2.10;1.1.1 ...))
Sending msg to client activator-a3cda430-3f5b-4cf0-92ae-15647dbd9486: DetachedLogEvent(LogMessage(debug,sbt-chain: Checking cache for: dependency: com.typesafe.play#twirl-api_2.10;1.1.1 {compile=[compile(*), master(compile)], runtime=[runtime(*)]}))
Sending msg to client activator-a3cda430-3f5b-4cf0-92ae-15647dbd9486: DetachedLogEvent(LogMessage(debug,sbt-chain: module revision found in cache: com.typesafe.play#twirl-api_2.10;1.1.1))
Sending msg to client activator-a3cda430-3f5b-4cf0-92ae-15647dbd9486: DetachedLogEvent(LogMessage(debug,	found com.typesafe.play#twirl-api_2.10;1.1.1 in sbt-chain))
Sending msg to client activator-a3cda430-3f5b-4cf0-92ae-15647dbd9486: DetachedLogEvent(LogMessage(debug,dependency descriptor has been mediated: dependency: org.scala-lang#scala-library;2.10.5 {compile=[compile(*), master(compile)], runtime=[runtime(*)]} => dependency: org.scala-lang#scala-library;2.10.4 {compile=[compile(*), master(compile)], runtime=[runtime(*)]}))
Sending msg to client activator-a3cda430-3f5b-4cf0-92ae-15647dbd9486: DetachedLogEvent(LogMessage(debug,== resolving dependencies com.typesafe.play#sbt-routes-compiler_2.10;2.5.3->com.typesafe.play#twirl-api_2.10;1.1.1 [compile->compile(*)]))
Sending msg to client activator-a3cda430-3f5b-4cf0-92ae-15647dbd9486: DetachedLogEvent(LogMessage(debug,dependency descriptor has been mediated: dependency: org.scala-lang#scala-library;2.10.5 {compile=[compile(*), master(compile)], runtime=[runtime(*)]} => dependency: org.scala-lang#scala-library;2.10.4 {compile=[compile(*), master(compile)], runtime=[runtime(*)]}))
Sending msg to client activator-a3cda430-3f5b-4cf0-92ae-15647dbd9486: DetachedLogEvent(LogMessage(debug,== resolving dependencies com.typesafe.play#twirl-api_2.10;1.1.1->org.scala-lang#scala-library;2.10.4 [compile->master(compile)]))
Sending msg to client activator-a3cda430-3f5b-4cf0-92ae-15647dbd9486: DetachedLogEvent(LogMessage(debug,dependency descriptor has been mediated: dependency: org.scala-lang#scala-library;2.10.5 {compile=[compile(*), master(compile)], runtime=[runtime(*)]} => dependency: org.scala-lang#scala-library;2.10.4 {compile=[compile(*), master(compile)], runtime=[runtime(*)]}))
Sending msg to client activator-a3cda430-3f5b-4cf0-92ae-15647dbd9486: DetachedLogEvent(LogMessage(debug,dependency descriptor has been mediated: dependency: org.scala-lang#scala-library;2.10.5 {compile=[compile(*), master(compile)], runtime=[runtime(*)]} => dependency: org.scala-lang#scala-library;2.10.4 {compile=[compile(*), master(compile)], runtime=[runtime(*)]}))
Sending msg to client activator-a3cda430-3f5b-4cf0-92ae-15647dbd9486: DetachedLogEvent(LogMessage(debug,dependency descriptor has been mediated: dependency: org.scala-lang#scala-library;2.10.5 {compile=[compile(*), master(compile)], runtime=[runtime(*)]} => dependency: org.scala-lang#scala-library;2.10.4 {compile=[compile(*), master(compile)], runtime=[runtime(*)]}))
Sending msg to client activator-a3cda430-3f5b-4cf0-92ae-15647dbd9486: DetachedLogEvent(LogMessage(debug,dependency descriptor has been mediated: dependency: org.scala-lang#scala-library;2.10.5 {compile=[compile(*), master(compile)], runtime=[runtime(*)]} => dependency: org.scala-lang#scala-library;2.10.4 {compile=[compile(*), master(compile)], runtime=[runtime(*)]}))
Sending msg to client activator-a3cda430-3f5b-4cf0-92ae-15647dbd9486: DetachedLogEvent(LogMessage(debug,dependency descriptor has been mediated: dependency: org.scala-lang#scala-library;2.10.5 {compile=[compile(*), master(compile)], runtime=[runtime(*)]} => dependency: org.scala-lang#scala-library;2.10.4 {compile=[compile(*), master(compile)], runtime=[runtime(*)]}))
Sending msg to client activator-a3cda430-3f5b-4cf0-92ae-15647dbd9486: DetachedLogEvent(LogMessage(debug,== resolving dependencies com.typesafe.play#twirl-api_2.10;1.1.1->org.scala-lang#scala-library;2.10.4 [compile->compile(*)]))
Sending msg to client activator-a3cda430-3f5b-4cf0-92ae-15647dbd9486: DetachedLogEvent(LogMessage(debug,== resolving dependencies com.typesafe.play#twirl-api_2.10;1.1.1->org.apache.commons#commons-lang3;3.4 [compile->master(compile)]))
Sending msg to client activator-a3cda430-3f5b-4cf0-92ae-15647dbd9486: DetachedLogEvent(LogMessage(debug,dependency descriptor has been mediated: dependency: org.scala-lang#scala-library;2.10.5 {compile=[compile(*), master(compile)], runtime=[runtime(*)]} => dependency: org.scala-lang#scala-library;2.10.4 {compile=[compile(*), master(compile)], runtime=[runtime(*)]}))
Sending msg to client activator-a3cda430-3f5b-4cf0-92ae-15647dbd9486: DetachedLogEvent(LogMessage(debug,dependency descriptor has been mediated: dependency: org.scala-lang#scala-library;2.10.5 {compile=[compile(*), master(compile)], runtime=[runtime(*)]} => dependency: org.scala-lang#scala-library;2.10.4 {compile=[compile(*), master(compile)], runtime=[runtime(*)]}))
Sending msg to client activator-a3cda430-3f5b-4cf0-92ae-15647dbd9486: DetachedLogEvent(LogMessage(debug,dependency descriptor has been mediated: dependency: org.scala-lang#scala-library;2.10.5 {compile=[compile(*), master(compile)], runtime=[runtime(*)]} => dependency: org.scala-lang#scala-library;2.10.4 {compile=[compile(*), master(compile)], runtime=[runtime(*)]}))
Sending msg to client activator-a3cda430-3f5b-4cf0-92ae-15647dbd9486: DetachedLogEvent(LogMessage(debug,dependency descriptor has been mediated: dependency: org.scala-lang#scala-library;2.10.5 {compile=[compile(*), master(compile)], runtime=[runtime(*)]} => dependency: org.scala-lang#scala-library;2.10.4 {compile=[compile(*), master(compile)], runtime=[runtime(*)]}))
Sending msg to client activator-a3cda430-3f5b-4cf0-92ae-15647dbd9486: DetachedLogEvent(LogMessage(debug,dependency descriptor has been mediated: dependency: org.scala-lang#scala-library;2.10.5 {compile=[compile(*), master(compile)], runtime=[runtime(*)]} => dependency: org.scala-lang#scala-library;2.10.4 {compile=[compile(*), master(compile)], runtime=[runtime(*)]}))
Sending msg to client activator-a3cda430-3f5b-4cf0-92ae-15647dbd9486: DetachedLogEvent(LogMessage(debug,dependency descriptor has been mediated: dependency: org.scala-lang#scala-library;2.10.6 {compile=[compile(*), master(compile)], runtime=[runtime(*)]} => dependency: org.scala-lang#scala-library;2.10.4 {compile=[compile(*), master(compile)], runtime=[runtime(*)]}))
Sending msg to client activator-a3cda430-3f5b-4cf0-92ae-15647dbd9486: DetachedLogEvent(LogMessage(debug,dependency descriptor has been mediated: dependency: org.scala-lang#scala-library;2.10.6 {compile=[compile(*), master(compile)], runtime=[runtime(*)]} => dependency: org.scala-lang#scala-library;2.10.4 {compile=[compile(*), master(compile)], runtime=[runtime(*)]}))
Sending msg to client activator-a3cda430-3f5b-4cf0-92ae-15647dbd9486: DetachedLogEvent(LogMessage(debug,dependency descriptor has been mediated: dependency: org.scala-lang#scala-library;2.10.6 {compile=[compile(*), master(compile)], runtime=[runtime(*)]} => dependency: org.scala-lang#scala-library;2.10.4 {compile=[compile(*), master(compile)], runtime=[runtime(*)]}))
Sending msg to client activator-a3cda430-3f5b-4cf0-92ae-15647dbd9486: DetachedLogEvent(LogMessage(debug,dependency descriptor has been mediated: dependency: org.scala-lang#scala-library;2.10.6 {compile=[compile(*), master(compile)], runtime=[runtime(*)]} => dependency: org.scala-lang#scala-library;2.10.4 {compile=[compile(*), master(compile)], runtime=[runtime(*)]}))
Sending msg to client activator-a3cda430-3f5b-4cf0-92ae-15647dbd9486: DetachedLogEvent(LogMessage(debug,dependency descriptor has been mediated: dependency: org.scala-lang#scala-library;2.10.6 {compile=[compile(*), master(compile)], runtime=[runtime(*)]} => dependency: org.scala-lang#scala-library;2.10.4 {compile=[compile(*), master(compile)], runtime=[runtime(*)]}))
Sending msg to client activator-a3cda430-3f5b-4cf0-92ae-15647dbd9486: DetachedLogEvent(LogMessage(debug,dependency descriptor has been mediated: dependency: org.scala-lang#scala-library;2.10.6 {provided=[default(compile)]} => dependency: org.scala-lang#scala-library;2.10.4 {provided=[default(compile)]}))
Sending msg to client activator-a3cda430-3f5b-4cf0-92ae-15647dbd9486: DetachedLogEvent(LogMessage(debug,dependency descriptor has been mediated: dependency: org.scala-lang#scala-reflect;2.10.6 {provided=[default(compile)]} => dependency: org.scala-lang#scala-reflect;2.10.4 {provided=[default(compile)]}))
Sending msg to client activator-a3cda430-3f5b-4cf0-92ae-15647dbd9486: DetachedLogEvent(LogMessage(debug,dependency descriptor has been mediated: dependency: org.scala-lang#scala-library;2.10.6 {provided=[default(compile)]} => dependency: org.scala-lang#scala-library;2.10.4 {provided=[default(compile)]}))
Sending msg to client activator-a3cda430-3f5b-4cf0-92ae-15647dbd9486: DetachedLogEvent(LogMessage(debug,dependency descriptor has been mediated: dependency: org.scala-lang#scala-reflect;2.10.6 {provided=[default(compile)]} => dependency: org.scala-lang#scala-reflect;2.10.4 {provided=[default(compile)]}))
Sending msg to client activator-a3cda430-3f5b-4cf0-92ae-15647dbd9486: DetachedLogEvent(LogMessage(debug,dependency descriptor has been mediated: dependency: org.scala-lang#scala-compiler;2.10.4 {scala-tool=[default, optional(default)]} => dependency: org.scala-lang#scala-compiler;2.10.4 {scala-tool=[default, optional(default)]}))
Sending msg to client activator-a3cda430-3f5b-4cf0-92ae-15647dbd9486: DetachedLogEvent(LogMessage(debug,dependency descriptor has been mediated: sbt.ivyint.MergedDescriptors@4fd0275 => sbt.ivyint.MergedDescriptors@478c2b32))
Sending msg to client activator-a3cda430-3f5b-4cf0-92ae-15647dbd9486: DetachedLogEvent(LogStdOut([A[2K[info] Resolving org.apache.commons#commons-lang3;3.4 ...))
Sending msg to client activator-a3cda430-3f5b-4cf0-92ae-15647dbd9486: DetachedLogEvent(LogMessage(info,Resolving org.apache.commons#commons-lang3;3.4 ...))
Sending msg to client activator-a3cda430-3f5b-4cf0-92ae-15647dbd9486: DetachedLogEvent(LogMessage(debug,sbt-chain: Checking cache for: dependency: org.apache.commons#commons-lang3;3.4 {compile=[compile(*), master(compile)], runtime=[runtime(*)]}))
Sending msg to client activator-a3cda430-3f5b-4cf0-92ae-15647dbd9486: DetachedLogEvent(LogMessage(debug,sbt-chain: module revision found in cache: org.apache.commons#commons-lang3;3.4))
Sending msg to client activator-a3cda430-3f5b-4cf0-92ae-15647dbd9486: DetachedLogEvent(LogMessage(debug,	found org.apache.commons#commons-lang3;3.4 in sbt-chain))
Sending msg to client activator-a3cda430-3f5b-4cf0-92ae-15647dbd9486: DetachedLogEvent(LogMessage(debug,== resolving dependencies com.typesafe.play#twirl-api_2.10;1.1.1->org.apache.commons#commons-lang3;3.4 [compile->compile(*)]))
Sending msg to client activator-a3cda430-3f5b-4cf0-92ae-15647dbd9486: DetachedLogEvent(LogMessage(debug,== resolving dependencies com.typesafe.play#sbt-routes-compiler_2.10;2.5.3->com.typesafe.play#twirl-api_2.10;1.1.1 [compile->runtime(*)]))
Sending msg to client activator-a3cda430-3f5b-4cf0-92ae-15647dbd9486: DetachedLogEvent(LogMessage(debug,== resolving dependencies com.typesafe.play#sbt-routes-compiler_2.10;2.5.3->com.typesafe.play#twirl-api_2.10;1.1.1 [compile->compile]))
Sending msg to client activator-a3cda430-3f5b-4cf0-92ae-15647dbd9486: DetachedLogEvent(LogMessage(debug,dependency descriptor has been mediated: dependency: org.scala-lang#scala-library;2.10.5 {compile=[compile(*), master(compile)], runtime=[runtime(*)]} => dependency: org.scala-lang#scala-library;2.10.4 {compile=[compile(*), master(compile)], runtime=[runtime(*)]}))
Sending msg to client activator-a3cda430-3f5b-4cf0-92ae-15647dbd9486: DetachedLogEvent(LogMessage(debug,== resolving dependencies com.typesafe.play#twirl-api_2.10;1.1.1->org.scala-lang#scala-library;2.10.4 [runtime->runtime(*)]))
Sending msg to client activator-a3cda430-3f5b-4cf0-92ae-15647dbd9486: DetachedLogEvent(LogMessage(debug,== resolving dependencies com.typesafe.play#twirl-api_2.10;1.1.1->org.scala-lang#scala-library;2.10.4 [runtime->compile]))
Sending msg to client activator-a3cda430-3f5b-4cf0-92ae-15647dbd9486: DetachedLogEvent(LogMessage(debug,== resolving dependencies com.typesafe.play#twirl-api_2.10;1.1.1->org.apache.commons#commons-lang3;3.4 [runtime->runtime(*)]))
Sending msg to client activator-a3cda430-3f5b-4cf0-92ae-15647dbd9486: DetachedLogEvent(LogMessage(debug,== resolving dependencies com.typesafe.play#twirl-api_2.10;1.1.1->org.apache.commons#commons-lang3;3.4 [runtime->compile]))
Sending msg to client activator-a3cda430-3f5b-4cf0-92ae-15647dbd9486: DetachedLogEvent(LogMessage(debug,== resolving dependencies com.typesafe.play#sbt-routes-compiler_2.10;2.5.3->commons-io#commons-io;2.4 [compile->master(compile)]))
Sending msg to client activator-a3cda430-3f5b-4cf0-92ae-15647dbd9486: DetachedLogEvent(LogMessage(debug,dependency descriptor has been mediated: dependency: org.scala-lang#scala-library;2.10.6 {compile=[compile(*), master(compile)], runtime=[runtime(*)]} => dependency: org.scala-lang#scala-library;2.10.4 {compile=[compile(*), master(compile)], runtime=[runtime(*)]}))
Sending msg to client activator-a3cda430-3f5b-4cf0-92ae-15647dbd9486: DetachedLogEvent(LogMessage(debug,dependency descriptor has been mediated: dependency: org.scala-lang#scala-library;2.10.6 {compile=[compile(*), master(compile)], runtime=[runtime(*)]} => dependency: org.scala-lang#scala-library;2.10.4 {compile=[compile(*), master(compile)], runtime=[runtime(*)]}))
Sending msg to client activator-a3cda430-3f5b-4cf0-92ae-15647dbd9486: DetachedLogEvent(LogMessage(debug,dependency descriptor has been mediated: dependency: org.scala-lang#scala-library;2.10.6 {compile=[compile(*), master(compile)], runtime=[runtime(*)]} => dependency: org.scala-lang#scala-library;2.10.4 {compile=[compile(*), master(compile)], runtime=[runtime(*)]}))
Sending msg to client activator-a3cda430-3f5b-4cf0-92ae-15647dbd9486: DetachedLogEvent(LogMessage(debug,dependency descriptor has been mediated: dependency: org.scala-lang#scala-library;2.10.6 {compile=[compile(*), master(compile)], runtime=[runtime(*)]} => dependency: org.scala-lang#scala-library;2.10.4 {compile=[compile(*), master(compile)], runtime=[runtime(*)]}))
Sending msg to client activator-a3cda430-3f5b-4cf0-92ae-15647dbd9486: DetachedLogEvent(LogMessage(debug,dependency descriptor has been mediated: dependency: org.scala-lang#scala-library;2.10.6 {compile=[compile(*), master(compile)], runtime=[runtime(*)]} => dependency: org.scala-lang#scala-library;2.10.4 {compile=[compile(*), master(compile)], runtime=[runtime(*)]}))
Sending msg to client activator-a3cda430-3f5b-4cf0-92ae-15647dbd9486: DetachedLogEvent(LogMessage(debug,dependency descriptor has been mediated: dependency: org.scala-lang#scala-library;2.10.6 {provided=[default(compile)]} => dependency: org.scala-lang#scala-library;2.10.4 {provided=[default(compile)]}))
Sending msg to client activator-a3cda430-3f5b-4cf0-92ae-15647dbd9486: DetachedLogEvent(LogMessage(debug,dependency descriptor has been mediated: dependency: org.scala-lang#scala-reflect;2.10.6 {provided=[default(compile)]} => dependency: org.scala-lang#scala-reflect;2.10.4 {provided=[default(compile)]}))
Sending msg to client activator-a3cda430-3f5b-4cf0-92ae-15647dbd9486: DetachedLogEvent(LogMessage(debug,dependency descriptor has been mediated: dependency: org.scala-lang#scala-library;2.10.6 {provided=[default(compile)]} => dependency: org.scala-lang#scala-library;2.10.4 {provided=[default(compile)]}))
Sending msg to client activator-a3cda430-3f5b-4cf0-92ae-15647dbd9486: DetachedLogEvent(LogMessage(debug,dependency descriptor has been mediated: dependency: org.scala-lang#scala-reflect;2.10.6 {provided=[default(compile)]} => dependency: org.scala-lang#scala-reflect;2.10.4 {provided=[default(compile)]}))
Sending msg to client activator-a3cda430-3f5b-4cf0-92ae-15647dbd9486: DetachedLogEvent(LogMessage(debug,dependency descriptor has been mediated: dependency: org.scala-lang#scala-compiler;2.10.4 {scala-tool=[default, optional(default)]} => dependency: org.scala-lang#scala-compiler;2.10.4 {scala-tool=[default, optional(default)]}))
Sending msg to client activator-a3cda430-3f5b-4cf0-92ae-15647dbd9486: DetachedLogEvent(LogMessage(debug,dependency descriptor has been mediated: sbt.ivyint.MergedDescriptors@4fd0275 => sbt.ivyint.MergedDescriptors@51d0be34))
Sending msg to client activator-a3cda430-3f5b-4cf0-92ae-15647dbd9486: DetachedLogEvent(LogStdOut([A[2K[info] Resolving commons-io#commons-io;2.4 ...))
Sending msg to client activator-a3cda430-3f5b-4cf0-92ae-15647dbd9486: DetachedLogEvent(LogMessage(info,Resolving commons-io#commons-io;2.4 ...))
Sending msg to client activator-a3cda430-3f5b-4cf0-92ae-15647dbd9486: DetachedLogEvent(LogMessage(debug,sbt-chain: Checking cache for: dependency: commons-io#commons-io;2.4 {compile=[compile(*), master(compile)], runtime=[runtime(*)]}))
Sending msg to client activator-a3cda430-3f5b-4cf0-92ae-15647dbd9486: DetachedLogEvent(LogMessage(debug,sbt-chain: module revision found in cache: commons-io#commons-io;2.4))
Sending msg to client activator-a3cda430-3f5b-4cf0-92ae-15647dbd9486: DetachedLogEvent(LogMessage(debug,	found commons-io#commons-io;2.4 in sbt-chain))
Sending msg to client activator-a3cda430-3f5b-4cf0-92ae-15647dbd9486: DetachedLogEvent(LogMessage(debug,== resolving dependencies com.typesafe.play#sbt-routes-compiler_2.10;2.5.3->commons-io#commons-io;2.4 [compile->compile(*)]))
Sending msg to client activator-a3cda430-3f5b-4cf0-92ae-15647dbd9486: DetachedLogEvent(LogMessage(debug,== resolving dependencies com.typesafe.play#sbt-routes-compiler_2.10;2.5.3->commons-io#commons-io;2.4 [compile->runtime(*)]))
Sending msg to client activator-a3cda430-3f5b-4cf0-92ae-15647dbd9486: DetachedLogEvent(LogMessage(debug,== resolving dependencies com.typesafe.play#sbt-routes-compiler_2.10;2.5.3->commons-io#commons-io;2.4 [compile->compile]))
Sending msg to client activator-a3cda430-3f5b-4cf0-92ae-15647dbd9486: DetachedLogEvent(LogMessage(debug,dependency descriptor has been mediated: dependency: org.scala-lang#scala-library;2.10.6 {compile=[compile(*), master(compile)], runtime=[runtime(*)]} => dependency: org.scala-lang#scala-library;2.10.4 {compile=[compile(*), master(compile)], runtime=[runtime(*)]}))
Sending msg to client activator-a3cda430-3f5b-4cf0-92ae-15647dbd9486: DetachedLogEvent(LogMessage(debug,== resolving dependencies com.typesafe.play#sbt-routes-compiler_2.10;2.5.3->org.scala-lang#scala-library;2.10.4 [runtime->runtime(*)]))
Sending msg to client activator-a3cda430-3f5b-4cf0-92ae-15647dbd9486: DetachedLogEvent(LogMessage(debug,== resolving dependencies com.typesafe.play#sbt-routes-compiler_2.10;2.5.3->org.scala-lang#scala-library;2.10.4 [runtime->compile]))
Sending msg to client activator-a3cda430-3f5b-4cf0-92ae-15647dbd9486: DetachedLogEvent(LogMessage(debug,== resolving dependencies com.typesafe.play#sbt-routes-compiler_2.10;2.5.3->com.typesafe.play#twirl-api_2.10;1.1.1 [runtime->runtime(*)]))
Sending msg to client activator-a3cda430-3f5b-4cf0-92ae-15647dbd9486: DetachedLogEvent(LogMessage(debug,== resolving dependencies com.typesafe.play#sbt-routes-compiler_2.10;2.5.3->com.typesafe.play#twirl-api_2.10;1.1.1 [runtime->compile]))
Sending msg to client activator-a3cda430-3f5b-4cf0-92ae-15647dbd9486: DetachedLogEvent(LogMessage(debug,== resolving dependencies com.typesafe.play#sbt-routes-compiler_2.10;2.5.3->commons-io#commons-io;2.4 [runtime->runtime(*)]))
Sending msg to client activator-a3cda430-3f5b-4cf0-92ae-15647dbd9486: DetachedLogEvent(LogMessage(debug,== resolving dependencies com.typesafe.play#sbt-routes-compiler_2.10;2.5.3->commons-io#commons-io;2.4 [runtime->compile]))
Sending msg to client activator-a3cda430-3f5b-4cf0-92ae-15647dbd9486: DetachedLogEvent(LogMessage(debug,== resolving dependencies com.typesafe.play#sbt-plugin;2.5.3->com.typesafe.play#sbt-routes-compiler_2.10;2.5.3 [compile->master]))
Sending msg to client activator-a3cda430-3f5b-4cf0-92ae-15647dbd9486: DetachedLogEvent(LogMessage(debug,dependency descriptor has been mediated: dependency: org.scala-lang#scala-library;2.10.6 {compile=[compile(*), master(compile)], runtime=[runtime(*)]} => dependency: org.scala-lang#scala-library;2.10.4 {compile=[compile(*), master(compile)], runtime=[runtime(*)]}))
Sending msg to client activator-a3cda430-3f5b-4cf0-92ae-15647dbd9486: DetachedLogEvent(LogMessage(debug,dependency descriptor has been mediated: dependency: org.scala-lang#scala-library;2.10.6 {compile=[compile(*), master(compile)], runtime=[runtime(*)]} => dependency: org.scala-lang#scala-library;2.10.4 {compile=[compile(*), master(compile)], runtime=[runtime(*)]}))
Sending msg to client activator-a3cda430-3f5b-4cf0-92ae-15647dbd9486: DetachedLogEvent(LogMessage(debug,== resolving dependencies com.typesafe.play#sbt-plugin;2.5.3->com.typesafe.play#sbt-run-support_2.10;2.5.3 [compile->default(compile)]))
Sending msg to client activator-a3cda430-3f5b-4cf0-92ae-15647dbd9486: DetachedLogEvent(LogMessage(debug,dependency descriptor has been mediated: dependency: org.scala-lang#scala-library;2.10.6 {provided=[default(compile)]} => dependency: org.scala-lang#scala-library;2.10.4 {provided=[default(compile)]}))
Sending msg to client activator-a3cda430-3f5b-4cf0-92ae-15647dbd9486: DetachedLogEvent(LogMessage(debug,dependency descriptor has been mediated: dependency: org.scala-lang#scala-reflect;2.10.6 {provided=[default(compile)]} => dependency: org.scala-lang#scala-reflect;2.10.4 {provided=[default(compile)]}))
Sending msg to client activator-a3cda430-3f5b-4cf0-92ae-15647dbd9486: DetachedLogEvent(LogMessage(debug,dependency descriptor has been mediated: dependency: org.scala-lang#scala-library;2.10.6 {provided=[default(compile)]} => dependency: org.scala-lang#scala-library;2.10.4 {provided=[default(compile)]}))
Sending msg to client activator-a3cda430-3f5b-4cf0-92ae-15647dbd9486: DetachedLogEvent(LogMessage(debug,dependency descriptor has been mediated: dependency: org.scala-lang#scala-reflect;2.10.6 {provided=[default(compile)]} => dependency: org.scala-lang#scala-reflect;2.10.4 {provided=[default(compile)]}))
Sending msg to client activator-a3cda430-3f5b-4cf0-92ae-15647dbd9486: DetachedLogEvent(LogMessage(debug,dependency descriptor has been mediated: dependency: org.scala-lang#scala-compiler;2.10.4 {scala-tool=[default, optional(default)]} => dependency: org.scala-lang#scala-compiler;2.10.4 {scala-tool=[default, optional(default)]}))
Sending msg to client activator-a3cda430-3f5b-4cf0-92ae-15647dbd9486: DetachedLogEvent(LogMessage(debug,dependency descriptor has been mediated: sbt.ivyint.MergedDescriptors@4fd0275 => sbt.ivyint.MergedDescriptors@3fb2fb42))
Sending msg to client activator-a3cda430-3f5b-4cf0-92ae-15647dbd9486: DetachedLogEvent(LogStdOut([A[2K[info] Resolving com.typesafe.play#sbt-run-support_2.10;2.5.3 ...))
Sending msg to client activator-a3cda430-3f5b-4cf0-92ae-15647dbd9486: DetachedLogEvent(LogMessage(info,Resolving com.typesafe.play#sbt-run-support_2.10;2.5.3 ...))
Sending msg to client activator-a3cda430-3f5b-4cf0-92ae-15647dbd9486: DetachedLogEvent(LogMessage(debug,sbt-chain: Checking cache for: dependency: com.typesafe.play#sbt-run-support_2.10;2.5.3 {compile=[default(compile)]}))
Sending msg to client activator-a3cda430-3f5b-4cf0-92ae-15647dbd9486: DetachedLogEvent(LogMessage(debug,sbt-chain: module revision found in cache: com.typesafe.play#sbt-run-support_2.10;2.5.3))
Sending msg to client activator-a3cda430-3f5b-4cf0-92ae-15647dbd9486: DetachedLogEvent(LogMessage(debug,	found com.typesafe.play#sbt-run-support_2.10;2.5.3 in sbt-chain))
Sending msg to client activator-a3cda430-3f5b-4cf0-92ae-15647dbd9486: DetachedLogEvent(LogMessage(debug,== resolving dependencies com.typesafe.play#sbt-plugin;2.5.3->com.typesafe.play#sbt-run-support_2.10;2.5.3 [compile->runtime]))
Sending msg to client activator-a3cda430-3f5b-4cf0-92ae-15647dbd9486: DetachedLogEvent(LogMessage(debug,== resolving dependencies com.typesafe.play#sbt-plugin;2.5.3->com.typesafe.play#sbt-run-support_2.10;2.5.3 [compile->compile]))
Sending msg to client activator-a3cda430-3f5b-4cf0-92ae-15647dbd9486: DetachedLogEvent(LogMessage(debug,dependency descriptor has been mediated: dependency: org.scala-lang#scala-library;2.10.6 {compile=[compile(*), master(compile)], runtime=[runtime(*)]} => dependency: org.scala-lang#scala-library;2.10.4 {compile=[compile(*), master(compile)], runtime=[runtime(*)]}))
Sending msg to client activator-a3cda430-3f5b-4cf0-92ae-15647dbd9486: DetachedLogEvent(LogMessage(debug,== resolving dependencies com.typesafe.play#sbt-run-support_2.10;2.5.3->org.scala-lang#scala-library;2.10.4 [compile->master(compile)]))
Sending msg to client activator-a3cda430-3f5b-4cf0-92ae-15647dbd9486: DetachedLogEvent(LogMessage(debug,dependency descriptor has been mediated: dependency: org.scala-lang#scala-library;2.10.6 {compile=[compile(*), master(compile)], runtime=[runtime(*)]} => dependency: org.scala-lang#scala-library;2.10.4 {compile=[compile(*), master(compile)], runtime=[runtime(*)]}))
Sending msg to client activator-a3cda430-3f5b-4cf0-92ae-15647dbd9486: DetachedLogEvent(LogMessage(debug,dependency descriptor has been mediated: dependency: org.scala-lang#scala-library;2.10.6 {compile=[compile(*), master(compile)], runtime=[runtime(*)]} => dependency: org.scala-lang#scala-library;2.10.4 {compile=[compile(*), master(compile)], runtime=[runtime(*)]}))
Sending msg to client activator-a3cda430-3f5b-4cf0-92ae-15647dbd9486: DetachedLogEvent(LogMessage(debug,dependency descriptor has been mediated: dependency: org.scala-lang#scala-library;2.10.6 {compile=[compile(*), master(compile)], runtime=[runtime(*)]} => dependency: org.scala-lang#scala-library;2.10.4 {compile=[compile(*), master(compile)], runtime=[runtime(*)]}))
Sending msg to client activator-a3cda430-3f5b-4cf0-92ae-15647dbd9486: DetachedLogEvent(LogMessage(debug,dependency descriptor has been mediated: dependency: org.scala-lang#scala-library;2.10.6 {compile=[compile(*), master(compile)], runtime=[runtime(*)]} => dependency: org.scala-lang#scala-library;2.10.4 {compile=[compile(*), master(compile)], runtime=[runtime(*)]}))
Sending msg to client activator-a3cda430-3f5b-4cf0-92ae-15647dbd9486: DetachedLogEvent(LogMessage(debug,dependency descriptor has been mediated: dependency: org.scala-lang#scala-library;2.10.6 {compile=[compile(*), master(compile)], runtime=[runtime(*)]} => dependency: org.scala-lang#scala-library;2.10.4 {compile=[compile(*), master(compile)], runtime=[runtime(*)]}))
Sending msg to client activator-a3cda430-3f5b-4cf0-92ae-15647dbd9486: DetachedLogEvent(LogMessage(debug,== resolving dependencies com.typesafe.play#sbt-run-support_2.10;2.5.3->org.scala-lang#scala-library;2.10.4 [compile->compile(*)]))
Sending msg to client activator-a3cda430-3f5b-4cf0-92ae-15647dbd9486: DetachedLogEvent(LogMessage(debug,== resolving dependencies com.typesafe.play#sbt-run-support_2.10;2.5.3->com.typesafe.play#build-link;2.5.3 [compile->master(compile)]))
Sending msg to client activator-a3cda430-3f5b-4cf0-92ae-15647dbd9486: DetachedLogEvent(LogMessage(debug,dependency descriptor has been mediated: dependency: org.scala-lang#scala-library;2.10.6 {compile=[compile(*), master(compile)], runtime=[runtime(*)]} => dependency: org.scala-lang#scala-library;2.10.4 {compile=[compile(*), master(compile)], runtime=[runtime(*)]}))
Sending msg to client activator-a3cda430-3f5b-4cf0-92ae-15647dbd9486: DetachedLogEvent(LogMessage(debug,dependency descriptor has been mediated: dependency: org.scala-lang#scala-library;2.10.6 {compile=[compile(*), master(compile)], runtime=[runtime(*)]} => dependency: org.scala-lang#scala-library;2.10.4 {compile=[compile(*), master(compile)], runtime=[runtime(*)]}))
Sending msg to client activator-a3cda430-3f5b-4cf0-92ae-15647dbd9486: DetachedLogEvent(LogMessage(debug,dependency descriptor has been mediated: dependency: org.scala-lang#scala-library;2.10.6 {compile=[compile(*), master(compile)], runtime=[runtime(*)]} => dependency: org.scala-lang#scala-library;2.10.4 {compile=[compile(*), master(compile)], runtime=[runtime(*)]}))
Sending msg to client activator-a3cda430-3f5b-4cf0-92ae-15647dbd9486: DetachedLogEvent(LogMessage(debug,dependency descriptor has been mediated: dependency: org.scala-lang#scala-library;2.10.6 {compile=[compile(*), master(compile)], runtime=[runtime(*)]} => dependency: org.scala-lang#scala-library;2.10.4 {compile=[compile(*), master(compile)], runtime=[runtime(*)]}))
Sending msg to client activator-a3cda430-3f5b-4cf0-92ae-15647dbd9486: DetachedLogEvent(LogMessage(debug,dependency descriptor has been mediated: dependency: org.scala-lang#scala-library;2.10.6 {compile=[compile(*), master(compile)], runtime=[runtime(*)]} => dependency: org.scala-lang#scala-library;2.10.4 {compile=[compile(*), master(compile)], runtime=[runtime(*)]}))
Sending msg to client activator-a3cda430-3f5b-4cf0-92ae-15647dbd9486: DetachedLogEvent(LogMessage(debug,dependency descriptor has been mediated: dependency: org.scala-lang#scala-library;2.10.6 {provided=[default(compile)]} => dependency: org.scala-lang#scala-library;2.10.4 {provided=[default(compile)]}))
Sending msg to client activator-a3cda430-3f5b-4cf0-92ae-15647dbd9486: DetachedLogEvent(LogMessage(debug,dependency descriptor has been mediated: dependency: org.scala-lang#scala-reflect;2.10.6 {provided=[default(compile)]} => dependency: org.scala-lang#scala-reflect;2.10.4 {provided=[default(compile)]}))
Sending msg to client activator-a3cda430-3f5b-4cf0-92ae-15647dbd9486: DetachedLogEvent(LogMessage(debug,dependency descriptor has been mediated: dependency: org.scala-lang#scala-library;2.10.6 {provided=[default(compile)]} => dependency: org.scala-lang#scala-library;2.10.4 {provided=[default(compile)]}))
Sending msg to client activator-a3cda430-3f5b-4cf0-92ae-15647dbd9486: DetachedLogEvent(LogMessage(debug,dependency descriptor has been mediated: dependency: org.scala-lang#scala-reflect;2.10.6 {provided=[default(compile)]} => dependency: org.scala-lang#scala-reflect;2.10.4 {provided=[default(compile)]}))
Sending msg to client activator-a3cda430-3f5b-4cf0-92ae-15647dbd9486: DetachedLogEvent(LogMessage(debug,dependency descriptor has been mediated: dependency: org.scala-lang#scala-compiler;2.10.4 {scala-tool=[default, optional(default)]} => dependency: org.scala-lang#scala-compiler;2.10.4 {scala-tool=[default, optional(default)]}))
Sending msg to client activator-a3cda430-3f5b-4cf0-92ae-15647dbd9486: DetachedLogEvent(LogMessage(debug,dependency descriptor has been mediated: sbt.ivyint.MergedDescriptors@4fd0275 => sbt.ivyint.MergedDescriptors@761f88f))
Sending msg to client activator-a3cda430-3f5b-4cf0-92ae-15647dbd9486: DetachedLogEvent(LogStdOut([A[2K[info] Resolving com.typesafe.play#build-link;2.5.3 ...))
Sending msg to client activator-a3cda430-3f5b-4cf0-92ae-15647dbd9486: DetachedLogEvent(LogMessage(info,Resolving com.typesafe.play#build-link;2.5.3 ...))
Sending msg to client activator-a3cda430-3f5b-4cf0-92ae-15647dbd9486: DetachedLogEvent(LogMessage(debug,sbt-chain: Checking cache for: dependency: com.typesafe.play#build-link;2.5.3 {compile=[compile(*), master(compile)], runtime=[runtime(*)]}))
Sending msg to client activator-a3cda430-3f5b-4cf0-92ae-15647dbd9486: DetachedLogEvent(LogMessage(debug,sbt-chain: module revision found in cache: com.typesafe.play#build-link;2.5.3))
Sending msg to client activator-a3cda430-3f5b-4cf0-92ae-15647dbd9486: DetachedLogEvent(LogMessage(debug,	found com.typesafe.play#build-link;2.5.3 in sbt-chain))
Sending msg to client activator-a3cda430-3f5b-4cf0-92ae-15647dbd9486: DetachedLogEvent(LogMessage(debug,== resolving dependencies com.typesafe.play#sbt-run-support_2.10;2.5.3->com.typesafe.play#build-link;2.5.3 [compile->compile(*)]))
Sending msg to client activator-a3cda430-3f5b-4cf0-92ae-15647dbd9486: DetachedLogEvent(LogMessage(debug,== resolving dependencies com.typesafe.play#build-link;2.5.3->com.typesafe.play#play-exceptions;2.5.3 [compile->master(compile)]))
Sending msg to client activator-a3cda430-3f5b-4cf0-92ae-15647dbd9486: DetachedLogEvent(LogMessage(debug,dependency descriptor has been mediated: dependency: org.scala-lang#scala-library;2.10.6 {compile=[compile(*), master(compile)], runtime=[runtime(*)]} => dependency: org.scala-lang#scala-library;2.10.4 {compile=[compile(*), master(compile)], runtime=[runtime(*)]}))
Sending msg to client activator-a3cda430-3f5b-4cf0-92ae-15647dbd9486: DetachedLogEvent(LogMessage(debug,dependency descriptor has been mediated: dependency: org.scala-lang#scala-library;2.10.6 {compile=[compile(*), master(compile)], runtime=[runtime(*)]} => dependency: org.scala-lang#scala-library;2.10.4 {compile=[compile(*), master(compile)], runtime=[runtime(*)]}))
Sending msg to client activator-a3cda430-3f5b-4cf0-92ae-15647dbd9486: DetachedLogEvent(LogMessage(debug,dependency descriptor has been mediated: dependency: org.scala-lang#scala-library;2.10.6 {compile=[compile(*), master(compile)], runtime=[runtime(*)]} => dependency: org.scala-lang#scala-library;2.10.4 {compile=[compile(*), master(compile)], runtime=[runtime(*)]}))
Sending msg to client activator-a3cda430-3f5b-4cf0-92ae-15647dbd9486: DetachedLogEvent(LogMessage(debug,dependency descriptor has been mediated: dependency: org.scala-lang#scala-library;2.10.6 {compile=[compile(*), master(compile)], runtime=[runtime(*)]} => dependency: org.scala-lang#scala-library;2.10.4 {compile=[compile(*), master(compile)], runtime=[runtime(*)]}))
Sending msg to client activator-a3cda430-3f5b-4cf0-92ae-15647dbd9486: DetachedLogEvent(LogMessage(debug,dependency descriptor has been mediated: dependency: org.scala-lang#scala-library;2.10.6 {compile=[compile(*), master(compile)], runtime=[runtime(*)]} => dependency: org.scala-lang#scala-library;2.10.4 {compile=[compile(*), master(compile)], runtime=[runtime(*)]}))
Sending msg to client activator-a3cda430-3f5b-4cf0-92ae-15647dbd9486: DetachedLogEvent(LogMessage(debug,dependency descriptor has been mediated: dependency: org.scala-lang#scala-library;2.10.6 {provided=[default(compile)]} => dependency: org.scala-lang#scala-library;2.10.4 {provided=[default(compile)]}))
Sending msg to client activator-a3cda430-3f5b-4cf0-92ae-15647dbd9486: DetachedLogEvent(LogMessage(debug,dependency descriptor has been mediated: dependency: org.scala-lang#scala-reflect;2.10.6 {provided=[default(compile)]} => dependency: org.scala-lang#scala-reflect;2.10.4 {provided=[default(compile)]}))
Sending msg to client activator-a3cda430-3f5b-4cf0-92ae-15647dbd9486: DetachedLogEvent(LogMessage(debug,dependency descriptor has been mediated: dependency: org.scala-lang#scala-library;2.10.6 {provided=[default(compile)]} => dependency: org.scala-lang#scala-library;2.10.4 {provided=[default(compile)]}))
Sending msg to client activator-a3cda430-3f5b-4cf0-92ae-15647dbd9486: DetachedLogEvent(LogMessage(debug,dependency descriptor has been mediated: dependency: org.scala-lang#scala-reflect;2.10.6 {provided=[default(compile)]} => dependency: org.scala-lang#scala-reflect;2.10.4 {provided=[default(compile)]}))
Sending msg to client activator-a3cda430-3f5b-4cf0-92ae-15647dbd9486: DetachedLogEvent(LogMessage(debug,dependency descriptor has been mediated: dependency: org.scala-lang#scala-compiler;2.10.4 {scala-tool=[default, optional(default)]} => dependency: org.scala-lang#scala-compiler;2.10.4 {scala-tool=[default, optional(default)]}))
Sending msg to client activator-a3cda430-3f5b-4cf0-92ae-15647dbd9486: DetachedLogEvent(LogMessage(debug,dependency descriptor has been mediated: sbt.ivyint.MergedDescriptors@4fd0275 => sbt.ivyint.MergedDescriptors@582aa5a6))
Sending msg to client activator-a3cda430-3f5b-4cf0-92ae-15647dbd9486: DetachedLogEvent(LogStdOut([A[2K[info] Resolving com.typesafe.play#play-exceptions;2.5.3 ...))
Sending msg to client activator-a3cda430-3f5b-4cf0-92ae-15647dbd9486: DetachedLogEvent(LogMessage(info,Resolving com.typesafe.play#play-exceptions;2.5.3 ...))
Sending msg to client activator-a3cda430-3f5b-4cf0-92ae-15647dbd9486: DetachedLogEvent(LogMessage(debug,sbt-chain: Checking cache for: dependency: com.typesafe.play#play-exceptions;2.5.3 {compile=[compile(*), master(compile)], runtime=[runtime(*)]}))
