New log file opened at Sat May 14 19:21:46 PDT 2016 by 5095@Swan.local
jvm 5095@Swan.local
jvm vmName=Java HotSpot(TM) 64-Bit Server VM vmVendor=Oracle Corporation vmVersion=25.65-b01
jvm specName=Java Virtual Machine Specification specVendor=Oracle Corporation specVersion=1.8
jvm arguments: [-Xms256m, -Xmx1024m, -XX:MetaspaceSize=64m, -XX:MaxMetaspaceSize=256m]
Starting event engine
Starting sbt command engine
Waiting for sbt command engine
Command engine arguments=List()
Command engine baseDirectory=/Users/Prashant-learner/source/activator-projects/doc-search
Command engine initial remaining commands List(--initialize, onFailure load-failed, boot, server-send-ready-for-request, server-handle-next-server-request)
> --initialize
> initialize
> onFailure load-failed
> boot
> reload
[Loading] Scanning directory /Users/Prashant-learner/.sbt/0.13/plugins
[Loading] Found non-root projects 
[Loading] Done in /Users/Prashant-learner/.sbt/0.13/plugins, returning: ()
deducing auto plugins based on known facts Set(Atom(sbt.plugins.CorePlugin)) and clauses Clauses(List(Clause(Atom(sbt.plugins.JvmPlugin),Set(Atom(sbt.plugins.IvyPlugin))), Clause(Atom(sbt.plugins.JUnitXmlReportPlugin),Set(Atom(sbt.plugins.JvmPlugin))), Clause(Atom(sbt.plugins.CorePlugin),Set(Atom(sbt.plugins.IvyPlugin))), Clause(Atom(sbt.plugins.IvyPlugin),Set(Atom(sbt.plugins.JvmPlugin))), Clause(Atom(sbt.plugins.JvmPlugin),Set(Atom(sbt.plugins.JUnitXmlReportPlugin)))))
  :: deduced result: Matched(sbt.plugins.CorePlugin,sbt.plugins.IvyPlugin,sbt.plugins.JvmPlugin,sbt.plugins.JUnitXmlReportPlugin)
sorting: ns: List(sbt.plugins.CorePlugin, sbt.plugins.IvyPlugin, sbt.plugins.JvmPlugin, sbt.plugins.JUnitXmlReportPlugin)
  :: sorting:: found: List(sbt.plugins.CorePlugin) not found List(sbt.plugins.IvyPlugin, sbt.plugins.JvmPlugin, sbt.plugins.JUnitXmlReportPlugin)
  :: sorting:: found: List(sbt.plugins.CorePlugin, sbt.plugins.IvyPlugin) not found List(sbt.plugins.JvmPlugin, sbt.plugins.JUnitXmlReportPlugin)
  :: sorting:: found: List(sbt.plugins.CorePlugin, sbt.plugins.IvyPlugin, sbt.plugins.JvmPlugin) not found List(sbt.plugins.JUnitXmlReportPlugin)
  :: sorting:: found: List(sbt.plugins.CorePlugin, sbt.plugins.IvyPlugin, sbt.plugins.JvmPlugin, sbt.plugins.JUnitXmlReportPlugin) not found List()
  :: sorted deduced result: List(sbt.plugins.CorePlugin, sbt.plugins.IvyPlugin, sbt.plugins.JvmPlugin, sbt.plugins.JUnitXmlReportPlugin)
[Loading] Done in /Users/Prashant-learner/.sbt/0.13/plugins, returning: (global-plugins)
Loading global plugins from /Users/Prashant-learner/.sbt/0.13/plugins
Running task... Cancel: sbt.TaskCancellationStrategy$Null$@af99f42, check cycles: false

Initial source changes: 
	removed:Set()
	added: Set()
	modified: Set()
Removed products: Set()
External API changes: API Changes: Set()
Modified binary dependencies: Set()
Initial directly invalidated sources: Set()

Sources indirectly invalidated by:
	product: Set()
	binary dep: Set()
	external source: Set()
All initially invalidated sources: Set()

Copy resource mappings: 
	
Other repositories:
Default repositories:
Using inline dependencies specified in Scala.
[Loading] Scanning directory /Users/Prashant-learner/source/activator-projects/doc-search/project
[Loading] Found non-root projects 
[Loading] Done in /Users/Prashant-learner/source/activator-projects/doc-search/project, returning: ()
deducing auto plugins based on known facts Set(Atom(sbt.plugins.CorePlugin)) and clauses Clauses(List(Clause(Atom(sbt.plugins.JvmPlugin),Set(Atom(sbt.plugins.IvyPlugin))), Clause(Atom(sbt.plugins.JUnitXmlReportPlugin),Set(Atom(sbt.plugins.JvmPlugin))), Clause(Atom(sbt.plugins.CorePlugin),Set(Atom(sbt.plugins.IvyPlugin))), Clause(Atom(sbt.plugins.IvyPlugin),Set(Atom(sbt.plugins.JvmPlugin))), Clause(Atom(sbt.plugins.JvmPlugin),Set(Atom(sbt.plugins.JUnitXmlReportPlugin)))))
  :: deduced result: Matched(sbt.plugins.CorePlugin,sbt.plugins.IvyPlugin,sbt.plugins.JvmPlugin,sbt.plugins.JUnitXmlReportPlugin)
sorting: ns: List(sbt.plugins.CorePlugin, sbt.plugins.IvyPlugin, sbt.plugins.JvmPlugin, sbt.plugins.JUnitXmlReportPlugin)
  :: sorting:: found: List(sbt.plugins.CorePlugin) not found List(sbt.plugins.IvyPlugin, sbt.plugins.JvmPlugin, sbt.plugins.JUnitXmlReportPlugin)
  :: sorting:: found: List(sbt.plugins.CorePlugin, sbt.plugins.IvyPlugin) not found List(sbt.plugins.JvmPlugin, sbt.plugins.JUnitXmlReportPlugin)
  :: sorting:: found: List(sbt.plugins.CorePlugin, sbt.plugins.IvyPlugin, sbt.plugins.JvmPlugin) not found List(sbt.plugins.JUnitXmlReportPlugin)
  :: sorting:: found: List(sbt.plugins.CorePlugin, sbt.plugins.IvyPlugin, sbt.plugins.JvmPlugin, sbt.plugins.JUnitXmlReportPlugin) not found List()
  :: sorted deduced result: List(sbt.plugins.CorePlugin, sbt.plugins.IvyPlugin, sbt.plugins.JvmPlugin, sbt.plugins.JUnitXmlReportPlugin)
[Loading] Done in /Users/Prashant-learner/source/activator-projects/doc-search/project, returning: (doc-search-build)
Loading project definition from /Users/Prashant-learner/source/activator-projects/doc-search/project
Running task... Cancel: sbt.TaskCancellationStrategy$Null$@af99f42, check cycles: false
[info] Updating {file:/Users/Prashant-learner/source/activator-projects/doc-search/project/}doc-search-build...
Updating {file:/Users/Prashant-learner/source/activator-projects/doc-search/project/}doc-search-build...
Other repositories:
Default repositories:
Using inline dependencies specified in Scala.
:: resolving dependencies :: default#doc-search-build;0.1-SNAPSHOT
	confs: [compile, runtime, test, provided, optional, compile-internal, runtime-internal, test-internal, plugin, sources, docs, pom, scala-tool]
	validate = true
	refresh = false
resolving dependencies for configuration 'compile'
== resolving dependencies for default#doc-search-build;0.1-SNAPSHOT [compile]
== resolving dependencies default#doc-search-build;0.1-SNAPSHOT->org.scala-sbt#global-plugins;0.0 [compile->default(compile)]
[info] Resolving org.scala-sbt#global-plugins;0.0 ...
Resolving org.scala-sbt#global-plugins;0.0 ...
sbt-chain: Checking cache for: dependency: org.scala-sbt#global-plugins;0.0 {compile=[default(compile)]}
	found org.scala-sbt#global-plugins;0.0 in inter-project
== resolving dependencies default#doc-search-build;0.1-SNAPSHOT->com.typesafe.play#sbt-plugin;2.5.3 [compile->default(compile)]
[A[2K[info] Resolving com.typesafe.play#sbt-plugin;2.5.3 ...
Resolving com.typesafe.play#sbt-plugin;2.5.3 ...
sbt-chain: Checking cache for: dependency: com.typesafe.play#sbt-plugin;2.5.3 {compile=[default(compile)]}
sbt-chain: module revision found in cache: com.typesafe.play#sbt-plugin;2.5.3
	found com.typesafe.play#sbt-plugin;2.5.3 in sbt-chain
dependency descriptor has been mediated: dependency: org.scala-lang#scala-library;2.10.6 {provided=[default(compile)]} => dependency: org.scala-lang#scala-library;2.10.4 {provided=[default(compile)]}
dependency descriptor has been mediated: dependency: org.scala-lang#scala-reflect;2.10.6 {provided=[default(compile)]} => dependency: org.scala-lang#scala-reflect;2.10.4 {provided=[default(compile)]}
== resolving dependencies com.typesafe.play#sbt-plugin;2.5.3->com.typesafe.play#sbt-routes-compiler_2.10;2.5.3 [compile->default(compile)]
dependency descriptor has been mediated: dependency: org.scala-lang#scala-library;2.10.6 {provided=[default(compile)]} => dependency: org.scala-lang#scala-library;2.10.4 {provided=[default(compile)]}
dependency descriptor has been mediated: dependency: org.scala-lang#scala-reflect;2.10.6 {provided=[default(compile)]} => dependency: org.scala-lang#scala-reflect;2.10.4 {provided=[default(compile)]}
dependency descriptor has been mediated: dependency: org.scala-lang#scala-library;2.10.6 {provided=[default(compile)]} => dependency: org.scala-lang#scala-library;2.10.4 {provided=[default(compile)]}
dependency descriptor has been mediated: dependency: org.scala-lang#scala-reflect;2.10.6 {provided=[default(compile)]} => dependency: org.scala-lang#scala-reflect;2.10.4 {provided=[default(compile)]}
dependency descriptor has been mediated: dependency: org.scala-lang#scala-compiler;2.10.4 {scala-tool=[default, optional(default)]} => dependency: org.scala-lang#scala-compiler;2.10.4 {scala-tool=[default, optional(default)]}
dependency descriptor has been mediated: sbt.ivyint.MergedDescriptors@4fd0275 => sbt.ivyint.MergedDescriptors@68ffdf72
[A[2K[info] Resolving com.typesafe.play#sbt-routes-compiler_2.10;2.5.3 ...
Resolving com.typesafe.play#sbt-routes-compiler_2.10;2.5.3 ...
sbt-chain: Checking cache for: dependency: com.typesafe.play#sbt-routes-compiler_2.10;2.5.3 {compile=[default(compile)]}
sbt-chain: module revision found in cache: com.typesafe.play#sbt-routes-compiler_2.10;2.5.3
	found com.typesafe.play#sbt-routes-compiler_2.10;2.5.3 in sbt-chain
== resolving dependencies com.typesafe.play#sbt-plugin;2.5.3->com.typesafe.play#sbt-routes-compiler_2.10;2.5.3 [compile->runtime]
== resolving dependencies com.typesafe.play#sbt-plugin;2.5.3->com.typesafe.play#sbt-routes-compiler_2.10;2.5.3 [compile->compile]
dependency descriptor has been mediated: dependency: org.scala-lang#scala-library;2.10.6 {compile=[compile(*), master(compile)], runtime=[runtime(*)]} => dependency: org.scala-lang#scala-library;2.10.4 {compile=[compile(*), master(compile)], runtime=[runtime(*)]}
== resolving dependencies com.typesafe.play#sbt-routes-compiler_2.10;2.5.3->org.scala-lang#scala-library;2.10.4 [compile->master(compile)]
dependency descriptor has been mediated: dependency: org.scala-lang#scala-library;2.10.6 {compile=[compile(*), master(compile)], runtime=[runtime(*)]} => dependency: org.scala-lang#scala-library;2.10.4 {compile=[compile(*), master(compile)], runtime=[runtime(*)]}
dependency descriptor has been mediated: dependency: org.scala-lang#scala-library;2.10.6 {compile=[compile(*), master(compile)], runtime=[runtime(*)]} => dependency: org.scala-lang#scala-library;2.10.4 {compile=[compile(*), master(compile)], runtime=[runtime(*)]}
dependency descriptor has been mediated: dependency: org.scala-lang#scala-library;2.10.6 {compile=[compile(*), master(compile)], runtime=[runtime(*)]} => dependency: org.scala-lang#scala-library;2.10.4 {compile=[compile(*), master(compile)], runtime=[runtime(*)]}
dependency descriptor has been mediated: dependency: org.scala-lang#scala-library;2.10.6 {compile=[compile(*), master(compile)], runtime=[runtime(*)]} => dependency: org.scala-lang#scala-library;2.10.4 {compile=[compile(*), master(compile)], runtime=[runtime(*)]}
dependency descriptor has been mediated: dependency: org.scala-lang#scala-library;2.10.6 {compile=[compile(*), master(compile)], runtime=[runtime(*)]} => dependency: org.scala-lang#scala-library;2.10.4 {compile=[compile(*), master(compile)], runtime=[runtime(*)]}
dependency descriptor has been mediated: dependency: org.scala-lang#scala-library;2.10.6 {provided=[default(compile)]} => dependency: org.scala-lang#scala-library;2.10.4 {provided=[default(compile)]}
dependency descriptor has been mediated: dependency: org.scala-lang#scala-reflect;2.10.6 {provided=[default(compile)]} => dependency: org.scala-lang#scala-reflect;2.10.4 {provided=[default(compile)]}
dependency descriptor has been mediated: dependency: org.scala-lang#scala-library;2.10.6 {provided=[default(compile)]} => dependency: org.scala-lang#scala-library;2.10.4 {provided=[default(compile)]}
dependency descriptor has been mediated: dependency: org.scala-lang#scala-reflect;2.10.6 {provided=[default(compile)]} => dependency: org.scala-lang#scala-reflect;2.10.4 {provided=[default(compile)]}
dependency descriptor has been mediated: dependency: org.scala-lang#scala-compiler;2.10.4 {scala-tool=[default, optional(default)]} => dependency: org.scala-lang#scala-compiler;2.10.4 {scala-tool=[default, optional(default)]}
dependency descriptor has been mediated: sbt.ivyint.MergedDescriptors@4fd0275 => sbt.ivyint.MergedDescriptors@69c098a6
[A[2K[info] Resolving org.scala-lang#scala-library;2.10.4 ...
Resolving org.scala-lang#scala-library;2.10.4 ...
sbt-chain: Checking cache for: dependency: org.scala-lang#scala-library;2.10.4 {compile=[compile(*), master(compile)], runtime=[runtime(*)]}
sbt-chain: module revision found in cache: org.scala-lang#scala-library;2.10.4
	found org.scala-lang#scala-library;2.10.4 in sbt-chain
	[2.10.4] org.scala-lang#scala-library;2.10.4
== resolving dependencies com.typesafe.play#sbt-routes-compiler_2.10;2.5.3->org.scala-lang#scala-library;2.10.4 [compile->compile(*)]
== resolving dependencies com.typesafe.play#sbt-routes-compiler_2.10;2.5.3->org.scala-lang#scala-library;2.10.4 [compile->runtime(*)]
== resolving dependencies com.typesafe.play#sbt-routes-compiler_2.10;2.5.3->org.scala-lang#scala-library;2.10.4 [compile->compile]
== resolving dependencies com.typesafe.play#sbt-routes-compiler_2.10;2.5.3->com.typesafe.play#twirl-api_2.10;1.1.1 [compile->master(compile)]
dependency descriptor has been mediated: dependency: org.scala-lang#scala-library;2.10.6 {compile=[compile(*), master(compile)], runtime=[runtime(*)]} => dependency: org.scala-lang#scala-library;2.10.4 {compile=[compile(*), master(compile)], runtime=[runtime(*)]}
dependency descriptor has been mediated: dependency: org.scala-lang#scala-library;2.10.6 {compile=[compile(*), master(compile)], runtime=[runtime(*)]} => dependency: org.scala-lang#scala-library;2.10.4 {compile=[compile(*), master(compile)], runtime=[runtime(*)]}
dependency descriptor has been mediated: dependency: org.scala-lang#scala-library;2.10.6 {compile=[compile(*), master(compile)], runtime=[runtime(*)]} => dependency: org.scala-lang#scala-library;2.10.4 {compile=[compile(*), master(compile)], runtime=[runtime(*)]}
dependency descriptor has been mediated: dependency: org.scala-lang#scala-library;2.10.6 {compile=[compile(*), master(compile)], runtime=[runtime(*)]} => dependency: org.scala-lang#scala-library;2.10.4 {compile=[compile(*), master(compile)], runtime=[runtime(*)]}
dependency descriptor has been mediated: dependency: org.scala-lang#scala-library;2.10.6 {compile=[compile(*), master(compile)], runtime=[runtime(*)]} => dependency: org.scala-lang#scala-library;2.10.4 {compile=[compile(*), master(compile)], runtime=[runtime(*)]}
dependency descriptor has been mediated: dependency: org.scala-lang#scala-library;2.10.6 {provided=[default(compile)]} => dependency: org.scala-lang#scala-library;2.10.4 {provided=[default(compile)]}
dependency descriptor has been mediated: dependency: org.scala-lang#scala-reflect;2.10.6 {provided=[default(compile)]} => dependency: org.scala-lang#scala-reflect;2.10.4 {provided=[default(compile)]}
dependency descriptor has been mediated: dependency: org.scala-lang#scala-library;2.10.6 {provided=[default(compile)]} => dependency: org.scala-lang#scala-library;2.10.4 {provided=[default(compile)]}
dependency descriptor has been mediated: dependency: org.scala-lang#scala-reflect;2.10.6 {provided=[default(compile)]} => dependency: org.scala-lang#scala-reflect;2.10.4 {provided=[default(compile)]}
dependency descriptor has been mediated: dependency: org.scala-lang#scala-compiler;2.10.4 {scala-tool=[default, optional(default)]} => dependency: org.scala-lang#scala-compiler;2.10.4 {scala-tool=[default, optional(default)]}
dependency descriptor has been mediated: sbt.ivyint.MergedDescriptors@4fd0275 => sbt.ivyint.MergedDescriptors@51d8c3fd
[A[2K[info] Resolving com.typesafe.play#twirl-api_2.10;1.1.1 ...
Resolving com.typesafe.play#twirl-api_2.10;1.1.1 ...
sbt-chain: Checking cache for: dependency: com.typesafe.play#twirl-api_2.10;1.1.1 {compile=[compile(*), master(compile)], runtime=[runtime(*)]}
sbt-chain: module revision found in cache: com.typesafe.play#twirl-api_2.10;1.1.1
	found com.typesafe.play#twirl-api_2.10;1.1.1 in sbt-chain
dependency descriptor has been mediated: dependency: org.scala-lang#scala-library;2.10.5 {compile=[compile(*), master(compile)], runtime=[runtime(*)]} => dependency: org.scala-lang#scala-library;2.10.4 {compile=[compile(*), master(compile)], runtime=[runtime(*)]}
== resolving dependencies com.typesafe.play#sbt-routes-compiler_2.10;2.5.3->com.typesafe.play#twirl-api_2.10;1.1.1 [compile->compile(*)]
dependency descriptor has been mediated: dependency: org.scala-lang#scala-library;2.10.5 {compile=[compile(*), master(compile)], runtime=[runtime(*)]} => dependency: org.scala-lang#scala-library;2.10.4 {compile=[compile(*), master(compile)], runtime=[runtime(*)]}
== resolving dependencies com.typesafe.play#twirl-api_2.10;1.1.1->org.scala-lang#scala-library;2.10.4 [compile->master(compile)]
dependency descriptor has been mediated: dependency: org.scala-lang#scala-library;2.10.5 {compile=[compile(*), master(compile)], runtime=[runtime(*)]} => dependency: org.scala-lang#scala-library;2.10.4 {compile=[compile(*), master(compile)], runtime=[runtime(*)]}
dependency descriptor has been mediated: dependency: org.scala-lang#scala-library;2.10.5 {compile=[compile(*), master(compile)], runtime=[runtime(*)]} => dependency: org.scala-lang#scala-library;2.10.4 {compile=[compile(*), master(compile)], runtime=[runtime(*)]}
dependency descriptor has been mediated: dependency: org.scala-lang#scala-library;2.10.5 {compile=[compile(*), master(compile)], runtime=[runtime(*)]} => dependency: org.scala-lang#scala-library;2.10.4 {compile=[compile(*), master(compile)], runtime=[runtime(*)]}
dependency descriptor has been mediated: dependency: org.scala-lang#scala-library;2.10.5 {compile=[compile(*), master(compile)], runtime=[runtime(*)]} => dependency: org.scala-lang#scala-library;2.10.4 {compile=[compile(*), master(compile)], runtime=[runtime(*)]}
dependency descriptor has been mediated: dependency: org.scala-lang#scala-library;2.10.5 {compile=[compile(*), master(compile)], runtime=[runtime(*)]} => dependency: org.scala-lang#scala-library;2.10.4 {compile=[compile(*), master(compile)], runtime=[runtime(*)]}
== resolving dependencies com.typesafe.play#twirl-api_2.10;1.1.1->org.scala-lang#scala-library;2.10.4 [compile->compile(*)]
== resolving dependencies com.typesafe.play#twirl-api_2.10;1.1.1->org.apache.commons#commons-lang3;3.4 [compile->master(compile)]
dependency descriptor has been mediated: dependency: org.scala-lang#scala-library;2.10.5 {compile=[compile(*), master(compile)], runtime=[runtime(*)]} => dependency: org.scala-lang#scala-library;2.10.4 {compile=[compile(*), master(compile)], runtime=[runtime(*)]}
dependency descriptor has been mediated: dependency: org.scala-lang#scala-library;2.10.5 {compile=[compile(*), master(compile)], runtime=[runtime(*)]} => dependency: org.scala-lang#scala-library;2.10.4 {compile=[compile(*), master(compile)], runtime=[runtime(*)]}
dependency descriptor has been mediated: dependency: org.scala-lang#scala-library;2.10.5 {compile=[compile(*), master(compile)], runtime=[runtime(*)]} => dependency: org.scala-lang#scala-library;2.10.4 {compile=[compile(*), master(compile)], runtime=[runtime(*)]}
dependency descriptor has been mediated: dependency: org.scala-lang#scala-library;2.10.5 {compile=[compile(*), master(compile)], runtime=[runtime(*)]} => dependency: org.scala-lang#scala-library;2.10.4 {compile=[compile(*), master(compile)], runtime=[runtime(*)]}
dependency descriptor has been mediated: dependency: org.scala-lang#scala-library;2.10.5 {compile=[compile(*), master(compile)], runtime=[runtime(*)]} => dependency: org.scala-lang#scala-library;2.10.4 {compile=[compile(*), master(compile)], runtime=[runtime(*)]}
dependency descriptor has been mediated: dependency: org.scala-lang#scala-library;2.10.6 {compile=[compile(*), master(compile)], runtime=[runtime(*)]} => dependency: org.scala-lang#scala-library;2.10.4 {compile=[compile(*), master(compile)], runtime=[runtime(*)]}
dependency descriptor has been mediated: dependency: org.scala-lang#scala-library;2.10.6 {compile=[compile(*), master(compile)], runtime=[runtime(*)]} => dependency: org.scala-lang#scala-library;2.10.4 {compile=[compile(*), master(compile)], runtime=[runtime(*)]}
dependency descriptor has been mediated: dependency: org.scala-lang#scala-library;2.10.6 {compile=[compile(*), master(compile)], runtime=[runtime(*)]} => dependency: org.scala-lang#scala-library;2.10.4 {compile=[compile(*), master(compile)], runtime=[runtime(*)]}
dependency descriptor has been mediated: dependency: org.scala-lang#scala-library;2.10.6 {compile=[compile(*), master(compile)], runtime=[runtime(*)]} => dependency: org.scala-lang#scala-library;2.10.4 {compile=[compile(*), master(compile)], runtime=[runtime(*)]}
dependency descriptor has been mediated: dependency: org.scala-lang#scala-library;2.10.6 {compile=[compile(*), master(compile)], runtime=[runtime(*)]} => dependency: org.scala-lang#scala-library;2.10.4 {compile=[compile(*), master(compile)], runtime=[runtime(*)]}
dependency descriptor has been mediated: dependency: org.scala-lang#scala-library;2.10.6 {provided=[default(compile)]} => dependency: org.scala-lang#scala-library;2.10.4 {provided=[default(compile)]}
dependency descriptor has been mediated: dependency: org.scala-lang#scala-reflect;2.10.6 {provided=[default(compile)]} => dependency: org.scala-lang#scala-reflect;2.10.4 {provided=[default(compile)]}
dependency descriptor has been mediated: dependency: org.scala-lang#scala-library;2.10.6 {provided=[default(compile)]} => dependency: org.scala-lang#scala-library;2.10.4 {provided=[default(compile)]}
dependency descriptor has been mediated: dependency: org.scala-lang#scala-reflect;2.10.6 {provided=[default(compile)]} => dependency: org.scala-lang#scala-reflect;2.10.4 {provided=[default(compile)]}
dependency descriptor has been mediated: dependency: org.scala-lang#scala-compiler;2.10.4 {scala-tool=[default, optional(default)]} => dependency: org.scala-lang#scala-compiler;2.10.4 {scala-tool=[default, optional(default)]}
dependency descriptor has been mediated: sbt.ivyint.MergedDescriptors@4fd0275 => sbt.ivyint.MergedDescriptors@478c2b32
[A[2K[info] Resolving org.apache.commons#commons-lang3;3.4 ...
Resolving org.apache.commons#commons-lang3;3.4 ...
sbt-chain: Checking cache for: dependency: org.apache.commons#commons-lang3;3.4 {compile=[compile(*), master(compile)], runtime=[runtime(*)]}
sbt-chain: module revision found in cache: org.apache.commons#commons-lang3;3.4
	found org.apache.commons#commons-lang3;3.4 in sbt-chain
== resolving dependencies com.typesafe.play#twirl-api_2.10;1.1.1->org.apache.commons#commons-lang3;3.4 [compile->compile(*)]
== resolving dependencies com.typesafe.play#sbt-routes-compiler_2.10;2.5.3->com.typesafe.play#twirl-api_2.10;1.1.1 [compile->runtime(*)]
== resolving dependencies com.typesafe.play#sbt-routes-compiler_2.10;2.5.3->com.typesafe.play#twirl-api_2.10;1.1.1 [compile->compile]
dependency descriptor has been mediated: dependency: org.scala-lang#scala-library;2.10.5 {compile=[compile(*), master(compile)], runtime=[runtime(*)]} => dependency: org.scala-lang#scala-library;2.10.4 {compile=[compile(*), master(compile)], runtime=[runtime(*)]}
== resolving dependencies com.typesafe.play#twirl-api_2.10;1.1.1->org.scala-lang#scala-library;2.10.4 [runtime->runtime(*)]
== resolving dependencies com.typesafe.play#twirl-api_2.10;1.1.1->org.scala-lang#scala-library;2.10.4 [runtime->compile]
== resolving dependencies com.typesafe.play#twirl-api_2.10;1.1.1->org.apache.commons#commons-lang3;3.4 [runtime->runtime(*)]
== resolving dependencies com.typesafe.play#twirl-api_2.10;1.1.1->org.apache.commons#commons-lang3;3.4 [runtime->compile]
== resolving dependencies com.typesafe.play#sbt-routes-compiler_2.10;2.5.3->commons-io#commons-io;2.4 [compile->master(compile)]
dependency descriptor has been mediated: dependency: org.scala-lang#scala-library;2.10.6 {compile=[compile(*), master(compile)], runtime=[runtime(*)]} => dependency: org.scala-lang#scala-library;2.10.4 {compile=[compile(*), master(compile)], runtime=[runtime(*)]}
dependency descriptor has been mediated: dependency: org.scala-lang#scala-library;2.10.6 {compile=[compile(*), master(compile)], runtime=[runtime(*)]} => dependency: org.scala-lang#scala-library;2.10.4 {compile=[compile(*), master(compile)], runtime=[runtime(*)]}
dependency descriptor has been mediated: dependency: org.scala-lang#scala-library;2.10.6 {compile=[compile(*), master(compile)], runtime=[runtime(*)]} => dependency: org.scala-lang#scala-library;2.10.4 {compile=[compile(*), master(compile)], runtime=[runtime(*)]}
dependency descriptor has been mediated: dependency: org.scala-lang#scala-library;2.10.6 {compile=[compile(*), master(compile)], runtime=[runtime(*)]} => dependency: org.scala-lang#scala-library;2.10.4 {compile=[compile(*), master(compile)], runtime=[runtime(*)]}
dependency descriptor has been mediated: dependency: org.scala-lang#scala-library;2.10.6 {compile=[compile(*), master(compile)], runtime=[runtime(*)]} => dependency: org.scala-lang#scala-library;2.10.4 {compile=[compile(*), master(compile)], runtime=[runtime(*)]}
dependency descriptor has been mediated: dependency: org.scala-lang#scala-library;2.10.6 {provided=[default(compile)]} => dependency: org.scala-lang#scala-library;2.10.4 {provided=[default(compile)]}
dependency descriptor has been mediated: dependency: org.scala-lang#scala-reflect;2.10.6 {provided=[default(compile)]} => dependency: org.scala-lang#scala-reflect;2.10.4 {provided=[default(compile)]}
dependency descriptor has been mediated: dependency: org.scala-lang#scala-library;2.10.6 {provided=[default(compile)]} => dependency: org.scala-lang#scala-library;2.10.4 {provided=[default(compile)]}
dependency descriptor has been mediated: dependency: org.scala-lang#scala-reflect;2.10.6 {provided=[default(compile)]} => dependency: org.scala-lang#scala-reflect;2.10.4 {provided=[default(compile)]}
dependency descriptor has been mediated: dependency: org.scala-lang#scala-compiler;2.10.4 {scala-tool=[default, optional(default)]} => dependency: org.scala-lang#scala-compiler;2.10.4 {scala-tool=[default, optional(default)]}
dependency descriptor has been mediated: sbt.ivyint.MergedDescriptors@4fd0275 => sbt.ivyint.MergedDescriptors@51d0be34
[A[2K[info] Resolving commons-io#commons-io;2.4 ...
Resolving commons-io#commons-io;2.4 ...
sbt-chain: Checking cache for: dependency: commons-io#commons-io;2.4 {compile=[compile(*), master(compile)], runtime=[runtime(*)]}
sbt-chain: module revision found in cache: commons-io#commons-io;2.4
	found commons-io#commons-io;2.4 in sbt-chain
== resolving dependencies com.typesafe.play#sbt-routes-compiler_2.10;2.5.3->commons-io#commons-io;2.4 [compile->compile(*)]
== resolving dependencies com.typesafe.play#sbt-routes-compiler_2.10;2.5.3->commons-io#commons-io;2.4 [compile->runtime(*)]
== resolving dependencies com.typesafe.play#sbt-routes-compiler_2.10;2.5.3->commons-io#commons-io;2.4 [compile->compile]
dependency descriptor has been mediated: dependency: org.scala-lang#scala-library;2.10.6 {compile=[compile(*), master(compile)], runtime=[runtime(*)]} => dependency: org.scala-lang#scala-library;2.10.4 {compile=[compile(*), master(compile)], runtime=[runtime(*)]}
== resolving dependencies com.typesafe.play#sbt-routes-compiler_2.10;2.5.3->org.scala-lang#scala-library;2.10.4 [runtime->runtime(*)]
== resolving dependencies com.typesafe.play#sbt-routes-compiler_2.10;2.5.3->org.scala-lang#scala-library;2.10.4 [runtime->compile]
== resolving dependencies com.typesafe.play#sbt-routes-compiler_2.10;2.5.3->com.typesafe.play#twirl-api_2.10;1.1.1 [runtime->runtime(*)]
== resolving dependencies com.typesafe.play#sbt-routes-compiler_2.10;2.5.3->com.typesafe.play#twirl-api_2.10;1.1.1 [runtime->compile]
== resolving dependencies com.typesafe.play#sbt-routes-compiler_2.10;2.5.3->commons-io#commons-io;2.4 [runtime->runtime(*)]
== resolving dependencies com.typesafe.play#sbt-routes-compiler_2.10;2.5.3->commons-io#commons-io;2.4 [runtime->compile]
== resolving dependencies com.typesafe.play#sbt-plugin;2.5.3->com.typesafe.play#sbt-routes-compiler_2.10;2.5.3 [compile->master]
dependency descriptor has been mediated: dependency: org.scala-lang#scala-library;2.10.6 {compile=[compile(*), master(compile)], runtime=[runtime(*)]} => dependency: org.scala-lang#scala-library;2.10.4 {compile=[compile(*), master(compile)], runtime=[runtime(*)]}
dependency descriptor has been mediated: dependency: org.scala-lang#scala-library;2.10.6 {compile=[compile(*), master(compile)], runtime=[runtime(*)]} => dependency: org.scala-lang#scala-library;2.10.4 {compile=[compile(*), master(compile)], runtime=[runtime(*)]}
== resolving dependencies com.typesafe.play#sbt-plugin;2.5.3->com.typesafe.play#sbt-run-support_2.10;2.5.3 [compile->default(compile)]
dependency descriptor has been mediated: dependency: org.scala-lang#scala-library;2.10.6 {provided=[default(compile)]} => dependency: org.scala-lang#scala-library;2.10.4 {provided=[default(compile)]}
dependency descriptor has been mediated: dependency: org.scala-lang#scala-reflect;2.10.6 {provided=[default(compile)]} => dependency: org.scala-lang#scala-reflect;2.10.4 {provided=[default(compile)]}
dependency descriptor has been mediated: dependency: org.scala-lang#scala-library;2.10.6 {provided=[default(compile)]} => dependency: org.scala-lang#scala-library;2.10.4 {provided=[default(compile)]}
dependency descriptor has been mediated: dependency: org.scala-lang#scala-reflect;2.10.6 {provided=[default(compile)]} => dependency: org.scala-lang#scala-reflect;2.10.4 {provided=[default(compile)]}
dependency descriptor has been mediated: dependency: org.scala-lang#scala-compiler;2.10.4 {scala-tool=[default, optional(default)]} => dependency: org.scala-lang#scala-compiler;2.10.4 {scala-tool=[default, optional(default)]}
dependency descriptor has been mediated: sbt.ivyint.MergedDescriptors@4fd0275 => sbt.ivyint.MergedDescriptors@3fb2fb42
[A[2K[info] Resolving com.typesafe.play#sbt-run-support_2.10;2.5.3 ...
Resolving com.typesafe.play#sbt-run-support_2.10;2.5.3 ...
sbt-chain: Checking cache for: dependency: com.typesafe.play#sbt-run-support_2.10;2.5.3 {compile=[default(compile)]}
sbt-chain: module revision found in cache: com.typesafe.play#sbt-run-support_2.10;2.5.3
	found com.typesafe.play#sbt-run-support_2.10;2.5.3 in sbt-chain
== resolving dependencies com.typesafe.play#sbt-plugin;2.5.3->com.typesafe.play#sbt-run-support_2.10;2.5.3 [compile->runtime]
== resolving dependencies com.typesafe.play#sbt-plugin;2.5.3->com.typesafe.play#sbt-run-support_2.10;2.5.3 [compile->compile]
dependency descriptor has been mediated: dependency: org.scala-lang#scala-library;2.10.6 {compile=[compile(*), master(compile)], runtime=[runtime(*)]} => dependency: org.scala-lang#scala-library;2.10.4 {compile=[compile(*), master(compile)], runtime=[runtime(*)]}
== resolving dependencies com.typesafe.play#sbt-run-support_2.10;2.5.3->org.scala-lang#scala-library;2.10.4 [compile->master(compile)]
dependency descriptor has been mediated: dependency: org.scala-lang#scala-library;2.10.6 {compile=[compile(*), master(compile)], runtime=[runtime(*)]} => dependency: org.scala-lang#scala-library;2.10.4 {compile=[compile(*), master(compile)], runtime=[runtime(*)]}
dependency descriptor has been mediated: dependency: org.scala-lang#scala-library;2.10.6 {compile=[compile(*), master(compile)], runtime=[runtime(*)]} => dependency: org.scala-lang#scala-library;2.10.4 {compile=[compile(*), master(compile)], runtime=[runtime(*)]}
dependency descriptor has been mediated: dependency: org.scala-lang#scala-library;2.10.6 {compile=[compile(*), master(compile)], runtime=[runtime(*)]} => dependency: org.scala-lang#scala-library;2.10.4 {compile=[compile(*), master(compile)], runtime=[runtime(*)]}
dependency descriptor has been mediated: dependency: org.scala-lang#scala-library;2.10.6 {compile=[compile(*), master(compile)], runtime=[runtime(*)]} => dependency: org.scala-lang#scala-library;2.10.4 {compile=[compile(*), master(compile)], runtime=[runtime(*)]}
dependency descriptor has been mediated: dependency: org.scala-lang#scala-library;2.10.6 {compile=[compile(*), master(compile)], runtime=[runtime(*)]} => dependency: org.scala-lang#scala-library;2.10.4 {compile=[compile(*), master(compile)], runtime=[runtime(*)]}
== resolving dependencies com.typesafe.play#sbt-run-support_2.10;2.5.3->org.scala-lang#scala-library;2.10.4 [compile->compile(*)]
== resolving dependencies com.typesafe.play#sbt-run-support_2.10;2.5.3->com.typesafe.play#build-link;2.5.3 [compile->master(compile)]
dependency descriptor has been mediated: dependency: org.scala-lang#scala-library;2.10.6 {compile=[compile(*), master(compile)], runtime=[runtime(*)]} => dependency: org.scala-lang#scala-library;2.10.4 {compile=[compile(*), master(compile)], runtime=[runtime(*)]}
dependency descriptor has been mediated: dependency: org.scala-lang#scala-library;2.10.6 {compile=[compile(*), master(compile)], runtime=[runtime(*)]} => dependency: org.scala-lang#scala-library;2.10.4 {compile=[compile(*), master(compile)], runtime=[runtime(*)]}
dependency descriptor has been mediated: dependency: org.scala-lang#scala-library;2.10.6 {compile=[compile(*), master(compile)], runtime=[runtime(*)]} => dependency: org.scala-lang#scala-library;2.10.4 {compile=[compile(*), master(compile)], runtime=[runtime(*)]}
dependency descriptor has been mediated: dependency: org.scala-lang#scala-library;2.10.6 {compile=[compile(*), master(compile)], runtime=[runtime(*)]} => dependency: org.scala-lang#scala-library;2.10.4 {compile=[compile(*), master(compile)], runtime=[runtime(*)]}
dependency descriptor has been mediated: dependency: org.scala-lang#scala-library;2.10.6 {compile=[compile(*), master(compile)], runtime=[runtime(*)]} => dependency: org.scala-lang#scala-library;2.10.4 {compile=[compile(*), master(compile)], runtime=[runtime(*)]}
dependency descriptor has been mediated: dependency: org.scala-lang#scala-library;2.10.6 {provided=[default(compile)]} => dependency: org.scala-lang#scala-library;2.10.4 {provided=[default(compile)]}
dependency descriptor has been mediated: dependency: org.scala-lang#scala-reflect;2.10.6 {provided=[default(compile)]} => dependency: org.scala-lang#scala-reflect;2.10.4 {provided=[default(compile)]}
dependency descriptor has been mediated: dependency: org.scala-lang#scala-library;2.10.6 {provided=[default(compile)]} => dependency: org.scala-lang#scala-library;2.10.4 {provided=[default(compile)]}
dependency descriptor has been mediated: dependency: org.scala-lang#scala-reflect;2.10.6 {provided=[default(compile)]} => dependency: org.scala-lang#scala-reflect;2.10.4 {provided=[default(compile)]}
dependency descriptor has been mediated: dependency: org.scala-lang#scala-compiler;2.10.4 {scala-tool=[default, optional(default)]} => dependency: org.scala-lang#scala-compiler;2.10.4 {scala-tool=[default, optional(default)]}
dependency descriptor has been mediated: sbt.ivyint.MergedDescriptors@4fd0275 => sbt.ivyint.MergedDescriptors@761f88f
[A[2K[info] Resolving com.typesafe.play#build-link;2.5.3 ...
Resolving com.typesafe.play#build-link;2.5.3 ...
sbt-chain: Checking cache for: dependency: com.typesafe.play#build-link;2.5.3 {compile=[compile(*), master(compile)], runtime=[runtime(*)]}
sbt-chain: module revision found in cache: com.typesafe.play#build-link;2.5.3
	found com.typesafe.play#build-link;2.5.3 in sbt-chain
== resolving dependencies com.typesafe.play#sbt-run-support_2.10;2.5.3->com.typesafe.play#build-link;2.5.3 [compile->compile(*)]
== resolving dependencies com.typesafe.play#build-link;2.5.3->com.typesafe.play#play-exceptions;2.5.3 [compile->master(compile)]
dependency descriptor has been mediated: dependency: org.scala-lang#scala-library;2.10.6 {compile=[compile(*), master(compile)], runtime=[runtime(*)]} => dependency: org.scala-lang#scala-library;2.10.4 {compile=[compile(*), master(compile)], runtime=[runtime(*)]}
dependency descriptor has been mediated: dependency: org.scala-lang#scala-library;2.10.6 {compile=[compile(*), master(compile)], runtime=[runtime(*)]} => dependency: org.scala-lang#scala-library;2.10.4 {compile=[compile(*), master(compile)], r